{"C:\\Users\\ovilla\\Desktop\\app_comagro_2\\src\\hooks\\useAiData.ts": {"path":"C:\\Users\\ovilla\\Desktop\\app_comagro_2\\src\\hooks\\useAiData.ts","statementMap":{"0":{"start":{"line":8,"column":0},"end":{"line":8,"column":16}},"1":{"start":{"line":1,"column":0},"end":{"line":1,"column":46}},"2":{"start":{"line":2,"column":0},"end":{"line":2,"column":58}},"3":{"start":{"line":4,"column":22},"end":{"line":4,"column":57}},"4":{"start":{"line":5,"column":22},"end":{"line":5,"column":151}},"5":{"start":{"line":6,"column":22},"end":{"line":6,"column":174}},"6":{"start":{"line":9,"column":30},"end":{"line":9,"column":59}},"7":{"start":{"line":10,"column":36},"end":{"line":10,"column":51}},"8":{"start":{"line":12,"column":22},"end":{"line":32,"column":8}},"9":{"start":{"line":13,"column":4},"end":{"line":16,"column":5}},"10":{"start":{"line":14,"column":6},"end":{"line":14,"column":28}},"11":{"start":{"line":15,"column":6},"end":{"line":15,"column":13}},"12":{"start":{"line":18,"column":4},"end":{"line":21,"column":5}},"13":{"start":{"line":19,"column":6},"end":{"line":19,"column":30}},"14":{"start":{"line":20,"column":6},"end":{"line":20,"column":13}},"15":{"start":{"line":23,"column":4},"end":{"line":23,"column":23}},"16":{"start":{"line":24,"column":4},"end":{"line":31,"column":5}},"17":{"start":{"line":25,"column":21},"end":{"line":25,"column":44}},"18":{"start":{"line":26,"column":6},"end":{"line":26,"column":44}},"19":{"start":{"line":28,"column":6},"end":{"line":28,"column":30}},"20":{"start":{"line":30,"column":6},"end":{"line":30,"column":26}},"21":{"start":{"line":34,"column":2},"end":{"line":34,"column":55}}},"fnMap":{"0":{"name":"useAiData","decl":{"start":{"line":8,"column":16},"end":{"line":8,"column":25}},"loc":{"start":{"line":8,"column":25},"end":{"line":35,"column":1}}},"1":{"name":"(anonymous_1)","decl":{"start":{"line":12,"column":34},"end":{"line":12,"column":39}},"loc":{"start":{"line":12,"column":93},"end":{"line":32,"column":3}}}},"branchMap":{"0":{"loc":{"start":{"line":13,"column":4},"end":{"line":16,"column":5}},"type":"if","locations":[{"start":{"line":13,"column":4},"end":{"line":16,"column":5}},{"start":{},"end":{}}]},"1":{"loc":{"start":{"line":18,"column":4},"end":{"line":21,"column":5}},"type":"if","locations":[{"start":{"line":18,"column":4},"end":{"line":21,"column":5}},{"start":{},"end":{}}]},"2":{"loc":{"start":{"line":18,"column":8},"end":{"line":18,"column":54}},"type":"binary-expr","locations":[{"start":{"line":18,"column":8},"end":{"line":18,"column":20}},{"start":{"line":18,"column":24},"end":{"line":18,"column":54}}]},"3":{"loc":{"start":{"line":26,"column":16},"end":{"line":26,"column":42}},"type":"binary-expr","locations":[{"start":{"line":26,"column":16},"end":{"line":26,"column":28}},{"start":{"line":26,"column":32},"end":{"line":26,"column":42}}]}},"s":{"0":0,"1":0,"2":0,"3":0,"4":0,"5":0,"6":0,"7":0,"8":0,"9":0,"10":0,"11":0,"12":0,"13":0,"14":0,"15":0,"16":0,"17":0,"18":0,"19":0,"20":0,"21":0},"f":{"0":0,"1":0},"b":{"0":[0,0],"1":[0,0],"2":[0,0],"3":[0,0]}}
,"C:\\Users\\ovilla\\Desktop\\app_comagro_2\\src\\hooks\\useOTAUpdate.ts": {"path":"C:\\Users\\ovilla\\Desktop\\app_comagro_2\\src\\hooks\\useOTAUpdate.ts","statementMap":{"0":{"start":{"line":9,"column":0},"end":{"line":9,"column":16}},"1":{"start":{"line":1,"column":0},"end":{"line":1,"column":33}},"2":{"start":{"line":2,"column":0},"end":{"line":2,"column":39}},"3":{"start":{"line":3,"column":0},"end":{"line":3,"column":48}},"4":{"start":{"line":4,"column":0},"end":{"line":4,"column":39}},"5":{"start":{"line":5,"column":0},"end":{"line":5,"column":54}},"6":{"start":{"line":6,"column":0},"end":{"line":6,"column":54}},"7":{"start":{"line":7,"column":0},"end":{"line":7,"column":64}},"8":{"start":{"line":10,"column":24},"end":{"line":10,"column":40}},"9":{"start":{"line":11,"column":40},"end":{"line":11,"column":123}},"10":{"start":{"line":12,"column":50},"end":{"line":12,"column":61}},"11":{"start":{"line":13,"column":40},"end":{"line":13,"column":52}},"12":{"start":{"line":14,"column":36},"end":{"line":14,"column":65}},"13":{"start":{"line":15,"column":46},"end":{"line":15,"column":75}},"14":{"start":{"line":16,"column":40},"end":{"line":16,"column":69}},"15":{"start":{"line":17,"column":40},"end":{"line":17,"column":69}},"16":{"start":{"line":20,"column":4},"end":{"line":20,"column":31}},"17":{"start":{"line":21,"column":4},"end":{"line":59,"column":5}},"18":{"start":{"line":22,"column":23},"end":{"line":22,"column":44}},"19":{"start":{"line":23,"column":6},"end":{"line":26,"column":7}},"20":{"start":{"line":24,"column":8},"end":{"line":24,"column":31}},"21":{"start":{"line":25,"column":8},"end":{"line":25,"column":15}},"22":{"start":{"line":28,"column":30},"end":{"line":33,"column":17}},"23":{"start":{"line":35,"column":6},"end":{"line":55,"column":7}},"24":{"start":{"line":36,"column":30},"end":{"line":38,"column":61}},"25":{"start":{"line":39,"column":8},"end":{"line":52,"column":9}},"26":{"start":{"line":40,"column":10},"end":{"line":40,"column":75}},"27":{"start":{"line":41,"column":10},"end":{"line":41,"column":42}},"28":{"start":{"line":42,"column":10},"end":{"line":42,"column":54}},"29":{"start":{"line":43,"column":10},"end":{"line":43,"column":48}},"30":{"start":{"line":45,"column":10},"end":{"line":49,"column":11}},"31":{"start":{"line":46,"column":12},"end":{"line":46,"column":84}},"32":{"start":{"line":48,"column":12},"end":{"line":48,"column":37}},"33":{"start":{"line":51,"column":10},"end":{"line":51,"column":33}},"34":{"start":{"line":54,"column":8},"end":{"line":54,"column":31}},"35":{"start":{"line":57,"column":6},"end":{"line":57,"column":43}},"36":{"start":{"line":58,"column":6},"end":{"line":58,"column":29}},"37":{"start":{"line":63,"column":14},"end":{"line":63,"column":69}},"38":{"start":{"line":64,"column":17},"end":{"line":64,"column":85}},"39":{"start":{"line":65,"column":14},"end":{"line":65,"column":73}},"40":{"start":{"line":68,"column":4},"end":{"line":79,"column":5}},"41":{"start":{"line":69,"column":6},"end":{"line":78,"column":7}},"42":{"start":{"line":70,"column":25},"end":{"line":70,"column":131}},"43":{"start":{"line":71,"column":8},"end":{"line":75,"column":9}},"44":{"start":{"line":72,"column":10},"end":{"line":72,"column":34}},"45":{"start":{"line":73,"column":10},"end":{"line":73,"column":44}},"46":{"start":{"line":74,"column":10},"end":{"line":74,"column":38}},"47":{"start":{"line":77,"column":8},"end":{"line":77,"column":45}},"48":{"start":{"line":81,"column":4},"end":{"line":85,"column":5}},"49":{"start":{"line":82,"column":6},"end":{"line":82,"column":111}},"50":{"start":{"line":83,"column":6},"end":{"line":83,"column":29}},"51":{"start":{"line":84,"column":6},"end":{"line":84,"column":13}},"52":{"start":{"line":87,"column":4},"end":{"line":87,"column":34}},"53":{"start":{"line":88,"column":4},"end":{"line":88,"column":27}},"54":{"start":{"line":89,"column":4},"end":{"line":89,"column":25}},"55":{"start":{"line":91,"column":4},"end":{"line":173,"column":5}},"56":{"start":{"line":92,"column":22},"end":{"line":92,"column":73}},"57":{"start":{"line":93,"column":30},"end":{"line":98,"column":8}},"58":{"start":{"line":101,"column":6},"end":{"line":115,"column":7}},"59":{"start":{"line":102,"column":8},"end":{"line":112,"column":10}},"60":{"start":{"line":107,"column":28},"end":{"line":107,"column":53}},"61":{"start":{"line":108,"column":29},"end":{"line":108,"column":62}},"62":{"start":{"line":109,"column":29},"end":{"line":109,"column":66}},"63":{"start":{"line":110,"column":12},"end":{"line":110,"column":42}},"64":{"start":{"line":114,"column":8},"end":{"line":114,"column":119}},"65":{"start":{"line":118,"column":6},"end":{"line":122,"column":7}},"66":{"start":{"line":119,"column":8},"end":{"line":119,"column":57}},"67":{"start":{"line":121,"column":8},"end":{"line":121,"column":114}},"68":{"start":{"line":124,"column":6},"end":{"line":164,"column":7}},"69":{"start":{"line":125,"column":24},"end":{"line":125,"column":44}},"70":{"start":{"line":126,"column":28},"end":{"line":126,"column":92}},"71":{"start":{"line":127,"column":8},"end":{"line":129,"column":9}},"72":{"start":{"line":128,"column":10},"end":{"line":128,"column":123}},"73":{"start":{"line":131,"column":26},"end":{"line":131,"column":34}},"74":{"start":{"line":132,"column":23},"end":{"line":132,"column":28}},"75":{"start":{"line":134,"column":8},"end":{"line":157,"column":9}},"76":{"start":{"line":135,"column":38},"end":{"line":135,"column":79}},"77":{"start":{"line":136,"column":29},"end":{"line":136,"column":110}},"78":{"start":{"line":138,"column":10},"end":{"line":142,"column":11}},"79":{"start":{"line":139,"column":12},"end":{"line":139,"column":87}},"80":{"start":{"line":141,"column":12},"end":{"line":141,"column":116}},"81":{"start":{"line":144,"column":10},"end":{"line":147,"column":11}},"82":{"start":{"line":145,"column":12},"end":{"line":145,"column":75}},"83":{"start":{"line":146,"column":12},"end":{"line":146,"column":81}},"84":{"start":{"line":148,"column":15},"end":{"line":157,"column":9}},"85":{"start":{"line":149,"column":27},"end":{"line":149,"column":90}},"86":{"start":{"line":150,"column":10},"end":{"line":153,"column":11}},"87":{"start":{"line":151,"column":12},"end":{"line":151,"column":75}},"88":{"start":{"line":152,"column":12},"end":{"line":152,"column":69}},"89":{"start":{"line":155,"column":10},"end":{"line":155,"column":73}},"90":{"start":{"line":156,"column":10},"end":{"line":156,"column":76}},"91":{"start":{"line":159,"column":8},"end":{"line":159,"column":35}},"92":{"start":{"line":160,"column":8},"end":{"line":160,"column":32}},"93":{"start":{"line":161,"column":8},"end":{"line":161,"column":15}},"94":{"start":{"line":163,"column":8},"end":{"line":163,"column":87}},"95":{"start":{"line":167,"column":6},"end":{"line":167,"column":49}},"96":{"start":{"line":168,"column":6},"end":{"line":171,"column":8}},"97":{"start":{"line":172,"column":6},"end":{"line":172,"column":29}},"98":{"start":{"line":177,"column":4},"end":{"line":177,"column":29}},"99":{"start":{"line":177,"column":22},"end":{"line":177,"column":29}},"100":{"start":{"line":178,"column":4},"end":{"line":195,"column":5}},"101":{"start":{"line":180,"column":6},"end":{"line":185,"column":7}},"102":{"start":{"line":181,"column":8},"end":{"line":181,"column":70}},"103":{"start":{"line":183,"column":20},"end":{"line":183,"column":84}},"104":{"start":{"line":184,"column":8},"end":{"line":184,"column":93}},"105":{"start":{"line":187,"column":6},"end":{"line":191,"column":9}},"106":{"start":{"line":193,"column":6},"end":{"line":193,"column":75}},"107":{"start":{"line":194,"column":6},"end":{"line":194,"column":16}},"108":{"start":{"line":198,"column":2},"end":{"line":206,"column":4}}},"fnMap":{"0":{"name":"useOTAUpdate","decl":{"start":{"line":9,"column":16},"end":{"line":9,"column":28}},"loc":{"start":{"line":9,"column":28},"end":{"line":207,"column":1}}},"1":{"name":"checkUpdate","decl":{"start":{"line":19,"column":17},"end":{"line":19,"column":28}},"loc":{"start":{"line":19,"column":63},"end":{"line":60,"column":3}}},"2":{"name":"startDownloadUpdate","decl":{"start":{"line":62,"column":17},"end":{"line":62,"column":36}},"loc":{"start":{"line":62,"column":123},"end":{"line":174,"column":3}}},"3":{"name":"(anonymous_13)","decl":{"start":{"line":106,"column":10},"end":{"line":106,"column":11}},"loc":{"start":{"line":106,"column":17},"end":{"line":111,"column":11}}},"4":{"name":"installUpdate","decl":{"start":{"line":176,"column":17},"end":{"line":176,"column":30}},"loc":{"start":{"line":176,"column":30},"end":{"line":196,"column":3}}}},"branchMap":{"0":{"loc":{"start":{"line":19,"column":29},"end":{"line":19,"column":63}},"type":"default-arg","locations":[{"start":{"line":19,"column":58},"end":{"line":19,"column":63}}]},"1":{"loc":{"start":{"line":23,"column":6},"end":{"line":26,"column":7}},"type":"if","locations":[{"start":{"line":23,"column":6},"end":{"line":26,"column":7}},{"start":{},"end":{}}]},"2":{"loc":{"start":{"line":35,"column":6},"end":{"line":55,"column":7}},"type":"if","locations":[{"start":{"line":35,"column":6},"end":{"line":55,"column":7}},{"start":{"line":53,"column":13},"end":{"line":55,"column":7}}]},"3":{"loc":{"start":{"line":35,"column":10},"end":{"line":35,"column":35}},"type":"binary-expr","locations":[{"start":{"line":35,"column":10},"end":{"line":35,"column":14}},{"start":{"line":35,"column":18},"end":{"line":35,"column":35}}]},"4":{"loc":{"start":{"line":36,"column":30},"end":{"line":38,"column":61}},"type":"cond-expr","locations":[{"start":{"line":37,"column":12},"end":{"line":37,"column":56}},{"start":{"line":38,"column":13},"end":{"line":38,"column":60}}]},"5":{"loc":{"start":{"line":38,"column":13},"end":{"line":38,"column":60}},"type":"binary-expr","locations":[{"start":{"line":38,"column":13},"end":{"line":38,"column":55}},{"start":{"line":38,"column":59},"end":{"line":38,"column":60}}]},"6":{"loc":{"start":{"line":39,"column":8},"end":{"line":52,"column":9}},"type":"if","locations":[{"start":{"line":39,"column":8},"end":{"line":52,"column":9}},{"start":{"line":50,"column":15},"end":{"line":52,"column":9}}]},"7":{"loc":{"start":{"line":40,"column":25},"end":{"line":40,"column":73}},"type":"binary-expr","locations":[{"start":{"line":40,"column":25},"end":{"line":40,"column":43}},{"start":{"line":40,"column":47},"end":{"line":40,"column":73}}]},"8":{"loc":{"start":{"line":42,"column":28},"end":{"line":42,"column":52}},"type":"binary-expr","locations":[{"start":{"line":42,"column":28},"end":{"line":42,"column":44}},{"start":{"line":42,"column":48},"end":{"line":42,"column":52}}]},"9":{"loc":{"start":{"line":43,"column":25},"end":{"line":43,"column":46}},"type":"binary-expr","locations":[{"start":{"line":43,"column":25},"end":{"line":43,"column":38}},{"start":{"line":43,"column":42},"end":{"line":43,"column":46}}]},"10":{"loc":{"start":{"line":45,"column":10},"end":{"line":49,"column":11}},"type":"if","locations":[{"start":{"line":45,"column":10},"end":{"line":49,"column":11}},{"start":{"line":47,"column":17},"end":{"line":49,"column":11}}]},"11":{"loc":{"start":{"line":63,"column":14},"end":{"line":63,"column":69}},"type":"cond-expr","locations":[{"start":{"line":63,"column":47},"end":{"line":63,"column":57}},{"start":{"line":63,"column":60},"end":{"line":63,"column":69}}]},"12":{"loc":{"start":{"line":64,"column":17},"end":{"line":64,"column":85}},"type":"cond-expr","locations":[{"start":{"line":64,"column":54},"end":{"line":64,"column":68}},{"start":{"line":64,"column":71},"end":{"line":64,"column":85}}]},"13":{"loc":{"start":{"line":65,"column":14},"end":{"line":65,"column":73}},"type":"cond-expr","locations":[{"start":{"line":65,"column":48},"end":{"line":65,"column":59}},{"start":{"line":65,"column":62},"end":{"line":65,"column":73}}]},"14":{"loc":{"start":{"line":68,"column":4},"end":{"line":79,"column":5}},"type":"if","locations":[{"start":{"line":68,"column":4},"end":{"line":79,"column":5}},{"start":{},"end":{}}]},"15":{"loc":{"start":{"line":71,"column":8},"end":{"line":75,"column":9}},"type":"if","locations":[{"start":{"line":71,"column":8},"end":{"line":75,"column":9}},{"start":{},"end":{}}]},"16":{"loc":{"start":{"line":71,"column":12},"end":{"line":71,"column":37}},"type":"binary-expr","locations":[{"start":{"line":71,"column":12},"end":{"line":71,"column":16}},{"start":{"line":71,"column":20},"end":{"line":71,"column":37}}]},"17":{"loc":{"start":{"line":73,"column":19},"end":{"line":73,"column":43}},"type":"binary-expr","locations":[{"start":{"line":73,"column":19},"end":{"line":73,"column":35}},{"start":{"line":73,"column":39},"end":{"line":73,"column":43}}]},"18":{"loc":{"start":{"line":74,"column":16},"end":{"line":74,"column":37}},"type":"binary-expr","locations":[{"start":{"line":74,"column":16},"end":{"line":74,"column":29}},{"start":{"line":74,"column":33},"end":{"line":74,"column":37}}]},"19":{"loc":{"start":{"line":81,"column":4},"end":{"line":85,"column":5}},"type":"if","locations":[{"start":{"line":81,"column":4},"end":{"line":85,"column":5}},{"start":{},"end":{}}]},"20":{"loc":{"start":{"line":107,"column":28},"end":{"line":107,"column":53}},"type":"binary-expr","locations":[{"start":{"line":107,"column":28},"end":{"line":107,"column":48}},{"start":{"line":107,"column":52},"end":{"line":107,"column":53}}]},"21":{"loc":{"start":{"line":108,"column":29},"end":{"line":108,"column":62}},"type":"binary-expr","locations":[{"start":{"line":108,"column":29},"end":{"line":108,"column":57}},{"start":{"line":108,"column":61},"end":{"line":108,"column":62}}]},"22":{"loc":{"start":{"line":109,"column":29},"end":{"line":109,"column":66}},"type":"cond-expr","locations":[{"start":{"line":109,"column":44},"end":{"line":109,"column":62}},{"start":{"line":109,"column":65},"end":{"line":109,"column":66}}]},"23":{"loc":{"start":{"line":114,"column":67},"end":{"line":114,"column":116}},"type":"binary-expr","locations":[{"start":{"line":114,"column":67},"end":{"line":114,"column":95}},{"start":{"line":114,"column":99},"end":{"line":114,"column":116}}]},"24":{"loc":{"start":{"line":121,"column":58},"end":{"line":121,"column":111}},"type":"binary-expr","locations":[{"start":{"line":121,"column":58},"end":{"line":121,"column":88}},{"start":{"line":121,"column":92},"end":{"line":121,"column":111}}]},"25":{"loc":{"start":{"line":124,"column":6},"end":{"line":164,"column":7}},"type":"if","locations":[{"start":{"line":124,"column":6},"end":{"line":164,"column":7}},{"start":{"line":162,"column":13},"end":{"line":164,"column":7}}]},"26":{"loc":{"start":{"line":124,"column":10},"end":{"line":124,"column":55}},"type":"binary-expr","locations":[{"start":{"line":124,"column":10},"end":{"line":124,"column":16}},{"start":{"line":124,"column":20},"end":{"line":124,"column":30}},{"start":{"line":124,"column":34},"end":{"line":124,"column":55}}]},"27":{"loc":{"start":{"line":125,"column":24},"end":{"line":125,"column":44}},"type":"binary-expr","locations":[{"start":{"line":125,"column":24},"end":{"line":125,"column":38}},{"start":{"line":125,"column":42},"end":{"line":125,"column":44}}]},"28":{"loc":{"start":{"line":126,"column":35},"end":{"line":126,"column":91}},"type":"binary-expr","locations":[{"start":{"line":126,"column":35},"end":{"line":126,"column":58}},{"start":{"line":126,"column":62},"end":{"line":126,"column":85}},{"start":{"line":126,"column":89},"end":{"line":126,"column":91}}]},"29":{"loc":{"start":{"line":127,"column":8},"end":{"line":129,"column":9}},"type":"if","locations":[{"start":{"line":127,"column":8},"end":{"line":129,"column":9}},{"start":{},"end":{}}]},"30":{"loc":{"start":{"line":134,"column":8},"end":{"line":157,"column":9}},"type":"if","locations":[{"start":{"line":134,"column":8},"end":{"line":157,"column":9}},{"start":{"line":148,"column":15},"end":{"line":157,"column":9}}]},"31":{"loc":{"start":{"line":136,"column":29},"end":{"line":136,"column":110}},"type":"cond-expr","locations":[{"start":{"line":136,"column":64},"end":{"line":136,"column":97}},{"start":{"line":136,"column":100},"end":{"line":136,"column":110}}]},"32":{"loc":{"start":{"line":141,"column":68},"end":{"line":141,"column":113}},"type":"binary-expr","locations":[{"start":{"line":141,"column":68},"end":{"line":141,"column":94}},{"start":{"line":141,"column":98},"end":{"line":141,"column":113}}]},"33":{"loc":{"start":{"line":144,"column":10},"end":{"line":147,"column":11}},"type":"if","locations":[{"start":{"line":144,"column":10},"end":{"line":147,"column":11}},{"start":{},"end":{}}]},"34":{"loc":{"start":{"line":148,"column":15},"end":{"line":157,"column":9}},"type":"if","locations":[{"start":{"line":148,"column":15},"end":{"line":157,"column":9}},{"start":{"line":154,"column":15},"end":{"line":157,"column":9}}]},"35":{"loc":{"start":{"line":150,"column":10},"end":{"line":153,"column":11}},"type":"if","locations":[{"start":{"line":150,"column":10},"end":{"line":153,"column":11}},{"start":{},"end":{}}]},"36":{"loc":{"start":{"line":163,"column":38},"end":{"line":163,"column":69}},"type":"binary-expr","locations":[{"start":{"line":163,"column":38},"end":{"line":163,"column":52}},{"start":{"line":163,"column":56},"end":{"line":163,"column":69}}]},"37":{"loc":{"start":{"line":170,"column":63},"end":{"line":170,"column":108}},"type":"binary-expr","locations":[{"start":{"line":170,"column":63},"end":{"line":170,"column":85}},{"start":{"line":170,"column":89},"end":{"line":170,"column":108}}]},"38":{"loc":{"start":{"line":177,"column":4},"end":{"line":177,"column":29}},"type":"if","locations":[{"start":{"line":177,"column":4},"end":{"line":177,"column":29}},{"start":{},"end":{}}]},"39":{"loc":{"start":{"line":183,"column":20},"end":{"line":183,"column":84}},"type":"binary-expr","locations":[{"start":{"line":183,"column":20},"end":{"line":183,"column":58}},{"start":{"line":183,"column":62},"end":{"line":183,"column":84}}]}},"s":{"0":0,"1":0,"2":0,"3":0,"4":0,"5":0,"6":0,"7":0,"8":0,"9":0,"10":0,"11":0,"12":0,"13":0,"14":0,"15":0,"16":0,"17":0,"18":0,"19":0,"20":0,"21":0,"22":0,"23":0,"24":0,"25":0,"26":0,"27":0,"28":0,"29":0,"30":0,"31":0,"32":0,"33":0,"34":0,"35":0,"36":0,"37":0,"38":0,"39":0,"40":0,"41":0,"42":0,"43":0,"44":0,"45":0,"46":0,"47":0,"48":0,"49":0,"50":0,"51":0,"52":0,"53":0,"54":0,"55":0,"56":0,"57":0,"58":0,"59":0,"60":0,"61":0,"62":0,"63":0,"64":0,"65":0,"66":0,"67":0,"68":0,"69":0,"70":0,"71":0,"72":0,"73":0,"74":0,"75":0,"76":0,"77":0,"78":0,"79":0,"80":0,"81":0,"82":0,"83":0,"84":0,"85":0,"86":0,"87":0,"88":0,"89":0,"90":0,"91":0,"92":0,"93":0,"94":0,"95":0,"96":0,"97":0,"98":0,"99":0,"100":0,"101":0,"102":0,"103":0,"104":0,"105":0,"106":0,"107":0,"108":0},"f":{"0":0,"1":0,"2":0,"3":0,"4":0},"b":{"0":[0],"1":[0,0],"2":[0,0],"3":[0,0],"4":[0,0],"5":[0,0],"6":[0,0],"7":[0,0],"8":[0,0],"9":[0,0],"10":[0,0],"11":[0,0],"12":[0,0],"13":[0,0],"14":[0,0],"15":[0,0],"16":[0,0],"17":[0,0],"18":[0,0],"19":[0,0],"20":[0,0],"21":[0,0],"22":[0,0],"23":[0,0],"24":[0,0],"25":[0,0],"26":[0,0,0],"27":[0,0],"28":[0,0,0],"29":[0,0],"30":[0,0],"31":[0,0],"32":[0,0],"33":[0,0],"34":[0,0],"35":[0,0],"36":[0,0],"37":[0,0],"38":[0,0],"39":[0,0]}}
,"C:\\Users\\ovilla\\Desktop\\app_comagro_2\\src\\hooks\\useProducts.ts": {"path":"C:\\Users\\ovilla\\Desktop\\app_comagro_2\\src\\hooks\\useProducts.ts","statementMap":{"0":{"start":{"line":12,"column":0},"end":{"line":12,"column":16}},"1":{"start":{"line":1,"column":0},"end":{"line":1,"column":57}},"2":{"start":{"line":2,"column":0},"end":{"line":2,"column":37}},"3":{"start":{"line":3,"column":0},"end":{"line":3,"column":69}},"4":{"start":{"line":4,"column":0},"end":{"line":4,"column":64}},"5":{"start":{"line":5,"column":0},"end":{"line":5,"column":93}},"6":{"start":{"line":6,"column":0},"end":{"line":6,"column":57}},"7":{"start":{"line":9,"column":23},"end":{"line":9,"column":51}},"8":{"start":{"line":10,"column":23},"end":{"line":10,"column":25}},"9":{"start":{"line":13,"column":33},"end":{"line":13,"column":49}},"10":{"start":{"line":14,"column":54},"end":{"line":14,"column":83}},"11":{"start":{"line":15,"column":30},"end":{"line":15,"column":52}},"12":{"start":{"line":16,"column":34},"end":{"line":16,"column":48}},"13":{"start":{"line":17,"column":38},"end":{"line":17,"column":53}},"14":{"start":{"line":18,"column":38},"end":{"line":18,"column":53}},"15":{"start":{"line":19,"column":28},"end":{"line":19,"column":57}},"16":{"start":{"line":20,"column":46},"end":{"line":20,"column":58}},"17":{"start":{"line":21,"column":36},"end":{"line":21,"column":47}},"18":{"start":{"line":23,"column":2},"end":{"line":26,"column":9}},"19":{"start":{"line":24,"column":4},"end":{"line":24,"column":27}},"20":{"start":{"line":25,"column":4},"end":{"line":25,"column":18}},"21":{"start":{"line":29,"column":4},"end":{"line":32,"column":26}},"22":{"start":{"line":30,"column":23},"end":{"line":30,"column":70}},"23":{"start":{"line":31,"column":6},"end":{"line":31,"column":48}},"24":{"start":{"line":31,"column":20},"end":{"line":31,"column":48}},"25":{"start":{"line":36,"column":23},"end":{"line":45,"column":8}},"26":{"start":{"line":37,"column":4},"end":{"line":44,"column":5}},"27":{"start":{"line":38,"column":25},"end":{"line":38,"column":82}},"28":{"start":{"line":39,"column":6},"end":{"line":39,"column":40}},"29":{"start":{"line":40,"column":16},"end":{"line":40,"column":39}},"30":{"start":{"line":41,"column":6},"end":{"line":41,"column":19}},"31":{"start":{"line":43,"column":6},"end":{"line":43,"column":53}},"32":{"start":{"line":48,"column":4},"end":{"line":48,"column":22}},"33":{"start":{"line":49,"column":4},"end":{"line":82,"column":5}},"34":{"start":{"line":50,"column":6},"end":{"line":62,"column":7}},"35":{"start":{"line":51,"column":8},"end":{"line":51,"column":23}},"36":{"start":{"line":53,"column":8},"end":{"line":53,"column":54}},"37":{"start":{"line":54,"column":8},"end":{"line":57,"column":10}},"38":{"start":{"line":58,"column":8},"end":{"line":58,"column":93}},"39":{"start":{"line":59,"column":8},"end":{"line":59,"column":27}},"40":{"start":{"line":60,"column":8},"end":{"line":60,"column":29}},"41":{"start":{"line":61,"column":8},"end":{"line":61,"column":15}},"42":{"start":{"line":64,"column":16},"end":{"line":64,"column":39}},"43":{"start":{"line":65,"column":6},"end":{"line":65,"column":19}},"44":{"start":{"line":66,"column":6},"end":{"line":66,"column":32}},"45":{"start":{"line":69,"column":25},"end":{"line":69,"column":67}},"46":{"start":{"line":70,"column":27},"end":{"line":70,"column":103}},"47":{"start":{"line":73,"column":6},"end":{"line":76,"column":7}},"48":{"start":{"line":74,"column":8},"end":{"line":74,"column":28}},"49":{"start":{"line":75,"column":8},"end":{"line":75,"column":37}},"50":{"start":{"line":78,"column":6},"end":{"line":78,"column":48}},"51":{"start":{"line":80,"column":6},"end":{"line":80,"column":25}},"52":{"start":{"line":81,"column":6},"end":{"line":81,"column":27}},"53":{"start":{"line":86,"column":4},"end":{"line":99,"column":5}},"54":{"start":{"line":87,"column":21},"end":{"line":87,"column":60}},"55":{"start":{"line":89,"column":6},"end":{"line":91,"column":7}},"56":{"start":{"line":90,"column":8},"end":{"line":90,"column":49}},"57":{"start":{"line":93,"column":6},"end":{"line":93,"column":41}},"58":{"start":{"line":95,"column":6},"end":{"line":95,"column":27}},"59":{"start":{"line":96,"column":16},"end":{"line":96,"column":39}},"60":{"start":{"line":97,"column":6},"end":{"line":97,"column":19}},"61":{"start":{"line":98,"column":6},"end":{"line":98,"column":31}},"62":{"start":{"line":98,"column":24},"end":{"line":98,"column":29}},"63":{"start":{"line":103,"column":4},"end":{"line":107,"column":5}},"64":{"start":{"line":104,"column":6},"end":{"line":104,"column":40}},"65":{"start":{"line":106,"column":6},"end":{"line":106,"column":18}},"66":{"start":{"line":111,"column":4},"end":{"line":114,"column":5}},"67":{"start":{"line":112,"column":6},"end":{"line":112,"column":27}},"68":{"start":{"line":113,"column":6},"end":{"line":113,"column":13}},"69":{"start":{"line":115,"column":4},"end":{"line":115,"column":24}},"70":{"start":{"line":116,"column":4},"end":{"line":124,"column":5}},"71":{"start":{"line":117,"column":25},"end":{"line":117,"column":67}},"72":{"start":{"line":118,"column":6},"end":{"line":118,"column":26}},"73":{"start":{"line":119,"column":6},"end":{"line":119,"column":41}},"74":{"start":{"line":121,"column":6},"end":{"line":121,"column":43}},"75":{"start":{"line":123,"column":6},"end":{"line":123,"column":27}},"76":{"start":{"line":127,"column":2},"end":{"line":139,"column":4}}},"fnMap":{"0":{"name":"useProducts","decl":{"start":{"line":12,"column":16},"end":{"line":12,"column":27}},"loc":{"start":{"line":12,"column":27},"end":{"line":140,"column":1}}},"1":{"name":"(anonymous_2)","decl":{"start":{"line":23,"column":12},"end":{"line":23,"column":15}},"loc":{"start":{"line":23,"column":17},"end":{"line":26,"column":3}}},"2":{"name":"cargarLogoRefreshKey","decl":{"start":{"line":28,"column":17},"end":{"line":28,"column":37}},"loc":{"start":{"line":28,"column":37},"end":{"line":33,"column":3}}},"3":{"name":"(anonymous_4)","decl":{"start":{"line":36,"column":35},"end":{"line":36,"column":40}},"loc":{"start":{"line":36,"column":105},"end":{"line":45,"column":3}}},"4":{"name":"inicializar","decl":{"start":{"line":47,"column":17},"end":{"line":47,"column":28}},"loc":{"start":{"line":47,"column":28},"end":{"line":83,"column":3}}},"5":{"name":"sincronizarFondo","decl":{"start":{"line":85,"column":17},"end":{"line":85,"column":33}},"loc":{"start":{"line":85,"column":59},"end":{"line":100,"column":3}}},"6":{"name":"(anonymous_7)","decl":{"start":{"line":98,"column":19},"end":{"line":98,"column":20}},"loc":{"start":{"line":98,"column":24},"end":{"line":98,"column":29}}},"7":{"name":"getProductBySkuSafe","decl":{"start":{"line":102,"column":17},"end":{"line":102,"column":36}},"loc":{"start":{"line":102,"column":48},"end":{"line":108,"column":3}}},"8":{"name":"onRefresh","decl":{"start":{"line":110,"column":17},"end":{"line":110,"column":26}},"loc":{"start":{"line":110,"column":26},"end":{"line":125,"column":3}}}},"branchMap":{"0":{"loc":{"start":{"line":31,"column":6},"end":{"line":31,"column":48}},"type":"if","locations":[{"start":{"line":31,"column":6},"end":{"line":31,"column":48}},{"start":{},"end":{}}]},"1":{"loc":{"start":{"line":70,"column":27},"end":{"line":70,"column":103}},"type":"binary-expr","locations":[{"start":{"line":70,"column":27},"end":{"line":70,"column":37}},{"start":{"line":70,"column":41},"end":{"line":70,"column":103}}]},"2":{"loc":{"start":{"line":73,"column":6},"end":{"line":76,"column":7}},"type":"if","locations":[{"start":{"line":73,"column":6},"end":{"line":76,"column":7}},{"start":{},"end":{}}]},"3":{"loc":{"start":{"line":73,"column":10},"end":{"line":73,"column":35}},"type":"binary-expr","locations":[{"start":{"line":73,"column":10},"end":{"line":73,"column":23}},{"start":{"line":73,"column":27},"end":{"line":73,"column":35}}]},"4":{"loc":{"start":{"line":89,"column":6},"end":{"line":91,"column":7}},"type":"if","locations":[{"start":{"line":89,"column":6},"end":{"line":91,"column":7}},{"start":{},"end":{}}]},"5":{"loc":{"start":{"line":111,"column":4},"end":{"line":114,"column":5}},"type":"if","locations":[{"start":{"line":111,"column":4},"end":{"line":114,"column":5}},{"start":{},"end":{}}]}},"s":{"0":0,"1":0,"2":0,"3":0,"4":0,"5":0,"6":0,"7":0,"8":0,"9":0,"10":0,"11":0,"12":0,"13":0,"14":0,"15":0,"16":0,"17":0,"18":0,"19":0,"20":0,"21":0,"22":0,"23":0,"24":0,"25":0,"26":0,"27":0,"28":0,"29":0,"30":0,"31":0,"32":0,"33":0,"34":0,"35":0,"36":0,"37":0,"38":0,"39":0,"40":0,"41":0,"42":0,"43":0,"44":0,"45":0,"46":0,"47":0,"48":0,"49":0,"50":0,"51":0,"52":0,"53":0,"54":0,"55":0,"56":0,"57":0,"58":0,"59":0,"60":0,"61":0,"62":0,"63":0,"64":0,"65":0,"66":0,"67":0,"68":0,"69":0,"70":0,"71":0,"72":0,"73":0,"74":0,"75":0,"76":0},"f":{"0":0,"1":0,"2":0,"3":0,"4":0,"5":0,"6":0,"7":0,"8":0},"b":{"0":[0,0],"1":[0,0],"2":[0,0],"3":[0,0],"4":[0,0],"5":[0,0]}}
,"C:\\Users\\ovilla\\Desktop\\app_comagro_2\\src\\services\\catalogService.ts": {"path":"C:\\Users\\ovilla\\Desktop\\app_comagro_2\\src\\services\\catalogService.ts","statementMap":{"0":{"start":{"line":44,"column":0},"end":{"line":44,"column":7}},"1":{"start":{"line":104,"column":0},"end":{"line":104,"column":7}},"2":{"start":{"line":7,"column":0},"end":{"line":7,"column":49}},"3":{"start":{"line":8,"column":0},"end":{"line":8,"column":69}},"4":{"start":{"line":10,"column":0},"end":{"line":10,"column":56}},"5":{"start":{"line":28,"column":32},"end":{"line":28,"column":64}},"6":{"start":{"line":29,"column":2},"end":{"line":29,"column":57}},"7":{"start":{"line":29,"column":29},"end":{"line":29,"column":57}},"8":{"start":{"line":31,"column":30},"end":{"line":31,"column":66}},"9":{"start":{"line":32,"column":2},"end":{"line":32,"column":48}},"10":{"start":{"line":48,"column":22},"end":{"line":48,"column":44}},"11":{"start":{"line":50,"column":42},"end":{"line":53,"column":4}},"12":{"start":{"line":54,"column":2},"end":{"line":54,"column":58}},"13":{"start":{"line":54,"column":22},"end":{"line":54,"column":58}},"14":{"start":{"line":56,"column":15},"end":{"line":56,"column":16}},"15":{"start":{"line":57,"column":16},"end":{"line":57,"column":19}},"16":{"start":{"line":58,"column":16},"end":{"line":58,"column":20}},"17":{"start":{"line":59,"column":20},"end":{"line":59,"column":21}},"18":{"start":{"line":61,"column":2},"end":{"line":81,"column":3}},"19":{"start":{"line":62,"column":16},"end":{"line":62,"column":43}},"20":{"start":{"line":63,"column":4},"end":{"line":63,"column":57}},"21":{"start":{"line":64,"column":4},"end":{"line":64,"column":55}},"22":{"start":{"line":66,"column":16},"end":{"line":66,"column":56}},"23":{"start":{"line":67,"column":4},"end":{"line":67,"column":79}},"24":{"start":{"line":67,"column":17},"end":{"line":67,"column":79}},"25":{"start":{"line":69,"column":28},"end":{"line":69,"column":44}},"26":{"start":{"line":71,"column":4},"end":{"line":80,"column":5}},"27":{"start":{"line":73,"column":22},"end":{"line":73,"column":52}},"28":{"start":{"line":74,"column":6},"end":{"line":74,"column":57}},"29":{"start":{"line":75,"column":6},"end":{"line":75,"column":33}},"30":{"start":{"line":76,"column":6},"end":{"line":76,"column":37}},"31":{"start":{"line":77,"column":6},"end":{"line":77,"column":22}},"32":{"start":{"line":79,"column":6},"end":{"line":79,"column":22}},"33":{"start":{"line":84,"column":38},"end":{"line":84,"column":42}},"34":{"start":{"line":85,"column":2},"end":{"line":90,"column":3}},"35":{"start":{"line":86,"column":16},"end":{"line":86,"column":37}},"36":{"start":{"line":87,"column":4},"end":{"line":87,"column":66}},"37":{"start":{"line":88,"column":4},"end":{"line":88,"column":73}},"38":{"start":{"line":89,"column":4},"end":{"line":89,"column":25}},"39":{"start":{"line":92,"column":2},"end":{"line":92,"column":41}},"40":{"start":{"line":97,"column":21},"end":{"line":97,"column":36}},"41":{"start":{"line":98,"column":28},"end":{"line":98,"column":32}},"42":{"start":{"line":106,"column":2},"end":{"line":112,"column":56}},"43":{"start":{"line":107,"column":16},"end":{"line":107,"column":56}},"44":{"start":{"line":108,"column":4},"end":{"line":111,"column":5}},"45":{"start":{"line":109,"column":19},"end":{"line":109,"column":60}},"46":{"start":{"line":110,"column":6},"end":{"line":110,"column":66}},"47":{"start":{"line":110,"column":21},"end":{"line":110,"column":66}},"48":{"start":{"line":115,"column":25},"end":{"line":116,"column":null}},"49":{"start":{"line":116,"column":4},"end":{"line":116,"column":71}},"50":{"start":{"line":116,"column":21},"end":{"line":116,"column":49}},"51":{"start":{"line":119,"column":19},"end":{"line":122,"column":48}},"52":{"start":{"line":124,"column":2},"end":{"line":134,"column":3}},"53":{"start":{"line":126,"column":4},"end":{"line":131,"column":65}},"54":{"start":{"line":127,"column":18},"end":{"line":127,"column":58}},"55":{"start":{"line":128,"column":19},"end":{"line":128,"column":73}},"56":{"start":{"line":129,"column":6},"end":{"line":129,"column":35}},"57":{"start":{"line":130,"column":6},"end":{"line":130,"column":69}},"58":{"start":{"line":133,"column":4},"end":{"line":133,"column":57}},"59":{"start":{"line":136,"column":2},"end":{"line":136,"column":43}}},"fnMap":{"0":{"name":"getAccessToken","decl":{"start":{"line":27,"column":15},"end":{"line":27,"column":29}},"loc":{"start":{"line":27,"column":29},"end":{"line":33,"column":1}}},"1":{"name":"syncCatalog","decl":{"start":{"line":44,"column":22},"end":{"line":44,"column":33}},"loc":{"start":{"line":46,"column":34},"end":{"line":93,"column":1}}},"2":{"name":"(anonymous_3)","decl":{"start":{"line":88,"column":63},"end":{"line":88,"column":66}},"loc":{"start":{"line":88,"column":68},"end":{"line":88,"column":71}}},"3":{"name":"fetchAiPitch","decl":{"start":{"line":104,"column":22},"end":{"line":104,"column":34}},"loc":{"start":{"line":104,"column":46},"end":{"line":137,"column":1}}},"4":{"name":"(anonymous_5)","decl":{"start":{"line":115,"column":44},"end":{"line":115,"column":45}},"loc":{"start":{"line":116,"column":4},"end":{"line":116,"column":71}}},"5":{"name":"(anonymous_6)","decl":{"start":{"line":116,"column":15},"end":{"line":116,"column":18}},"loc":{"start":{"line":116,"column":21},"end":{"line":116,"column":49}}}},"branchMap":{"0":{"loc":{"start":{"line":29,"column":2},"end":{"line":29,"column":57}},"type":"if","locations":[{"start":{"line":29,"column":2},"end":{"line":29,"column":57}},{"start":{},"end":{}}]},"1":{"loc":{"start":{"line":32,"column":9},"end":{"line":32,"column":47}},"type":"binary-expr","locations":[{"start":{"line":32,"column":9},"end":{"line":32,"column":41}},{"start":{"line":32,"column":45},"end":{"line":32,"column":47}}]},"2":{"loc":{"start":{"line":54,"column":2},"end":{"line":54,"column":58}},"type":"if","locations":[{"start":{"line":54,"column":2},"end":{"line":54,"column":58}},{"start":{},"end":{}}]},"3":{"loc":{"start":{"line":67,"column":4},"end":{"line":67,"column":79}},"type":"if","locations":[{"start":{"line":67,"column":4},"end":{"line":67,"column":79}},{"start":{},"end":{}}]},"4":{"loc":{"start":{"line":71,"column":4},"end":{"line":80,"column":5}},"type":"if","locations":[{"start":{"line":71,"column":4},"end":{"line":80,"column":5}},{"start":{"line":78,"column":11},"end":{"line":80,"column":5}}]},"5":{"loc":{"start":{"line":71,"column":8},"end":{"line":71,"column":46}},"type":"binary-expr","locations":[{"start":{"line":71,"column":8},"end":{"line":71,"column":27}},{"start":{"line":71,"column":31},"end":{"line":71,"column":46}}]},"6":{"loc":{"start":{"line":73,"column":22},"end":{"line":73,"column":52}},"type":"binary-expr","locations":[{"start":{"line":73,"column":22},"end":{"line":73,"column":38}},{"start":{"line":73,"column":42},"end":{"line":73,"column":52}}]},"7":{"loc":{"start":{"line":85,"column":2},"end":{"line":90,"column":3}},"type":"if","locations":[{"start":{"line":85,"column":2},"end":{"line":90,"column":3}},{"start":{},"end":{}}]},"8":{"loc":{"start":{"line":85,"column":6},"end":{"line":85,"column":40}},"type":"binary-expr","locations":[{"start":{"line":85,"column":6},"end":{"line":85,"column":21}},{"start":{"line":85,"column":25},"end":{"line":85,"column":40}}]},"9":{"loc":{"start":{"line":108,"column":4},"end":{"line":111,"column":5}},"type":"if","locations":[{"start":{"line":108,"column":4},"end":{"line":111,"column":5}},{"start":{},"end":{}}]},"10":{"loc":{"start":{"line":110,"column":6},"end":{"line":110,"column":66}},"type":"if","locations":[{"start":{"line":110,"column":6},"end":{"line":110,"column":66}},{"start":{},"end":{}}]},"11":{"loc":{"start":{"line":124,"column":2},"end":{"line":134,"column":3}},"type":"if","locations":[{"start":{"line":124,"column":2},"end":{"line":134,"column":3}},{"start":{},"end":{}}]},"12":{"loc":{"start":{"line":128,"column":19},"end":{"line":128,"column":73}},"type":"cond-expr","locations":[{"start":{"line":128,"column":26},"end":{"line":128,"column":68}},{"start":{"line":128,"column":71},"end":{"line":128,"column":73}}]}},"s":{"0":1,"1":1,"2":1,"3":1,"4":1,"5":0,"6":0,"7":0,"8":0,"9":0,"10":0,"11":0,"12":0,"13":0,"14":0,"15":0,"16":0,"17":0,"18":0,"19":0,"20":0,"21":0,"22":0,"23":0,"24":0,"25":0,"26":0,"27":0,"28":0,"29":0,"30":0,"31":0,"32":0,"33":0,"34":0,"35":0,"36":0,"37":0,"38":0,"39":0,"40":1,"41":1,"42":2,"43":2,"44":2,"45":1,"46":1,"47":1,"48":1,"49":1,"50":0,"51":1,"52":1,"53":0,"54":0,"55":0,"56":0,"57":0,"58":0,"59":1},"f":{"0":0,"1":0,"2":0,"3":2,"4":1,"5":0},"b":{"0":[0,0],"1":[0,0],"2":[0,0],"3":[0,0],"4":[0,0],"5":[0,0],"6":[0,0],"7":[0,0],"8":[0,0],"9":[1,1],"10":[1,0],"11":[0,1],"12":[0,0]}}
,"C:\\Users\\ovilla\\Desktop\\app_comagro_2\\src\\utils\\PumpCalculations.ts": {"path":"C:\\Users\\ovilla\\Desktop\\app_comagro_2\\src\\utils\\PumpCalculations.ts","statementMap":{"0":{"start":{"line":6,"column":0},"end":{"line":6,"column":16}},"1":{"start":{"line":20,"column":0},"end":{"line":20,"column":16}},"2":{"start":{"line":33,"column":0},"end":{"line":33,"column":16}},"3":{"start":{"line":61,"column":0},"end":{"line":61,"column":16}},"4":{"start":{"line":75,"column":0},"end":{"line":75,"column":16}},"5":{"start":{"line":7,"column":2},"end":{"line":7,"column":27}},"6":{"start":{"line":7,"column":18},"end":{"line":7,"column":27}},"7":{"start":{"line":8,"column":12},"end":{"line":8,"column":46}},"8":{"start":{"line":9,"column":16},"end":{"line":9,"column":37}},"9":{"start":{"line":10,"column":14},"end":{"line":10,"column":64}},"10":{"start":{"line":11,"column":2},"end":{"line":11,"column":51}},"11":{"start":{"line":11,"column":26},"end":{"line":11,"column":51}},"12":{"start":{"line":12,"column":2},"end":{"line":12,"column":41}},"13":{"start":{"line":12,"column":25},"end":{"line":12,"column":41}},"14":{"start":{"line":13,"column":2},"end":{"line":13,"column":41}},"15":{"start":{"line":13,"column":25},"end":{"line":13,"column":41}},"16":{"start":{"line":14,"column":2},"end":{"line":14,"column":13}},"17":{"start":{"line":21,"column":2},"end":{"line":21,"column":24}},"18":{"start":{"line":21,"column":15},"end":{"line":21,"column":24}},"19":{"start":{"line":22,"column":12},"end":{"line":22,"column":43}},"20":{"start":{"line":23,"column":16},"end":{"line":23,"column":37}},"21":{"start":{"line":24,"column":14},"end":{"line":24,"column":64}},"22":{"start":{"line":25,"column":2},"end":{"line":25,"column":41}},"23":{"start":{"line":25,"column":25},"end":{"line":25,"column":41}},"24":{"start":{"line":26,"column":2},"end":{"line":26,"column":44}},"25":{"start":{"line":26,"column":25},"end":{"line":26,"column":44}},"26":{"start":{"line":27,"column":2},"end":{"line":27,"column":13}},"27":{"start":{"line":34,"column":18},"end":{"line":34,"column":19}},"28":{"start":{"line":35,"column":19},"end":{"line":35,"column":20}},"29":{"start":{"line":37,"column":2},"end":{"line":53,"column":3}},"30":{"start":{"line":39,"column":4},"end":{"line":39,"column":91}},"31":{"start":{"line":41,"column":16},"end":{"line":41,"column":58}},"32":{"start":{"line":42,"column":17},"end":{"line":42,"column":60}},"33":{"start":{"line":43,"column":4},"end":{"line":44,"column":44}},"34":{"start":{"line":43,"column":29},"end":{"line":43,"column":53}},"35":{"start":{"line":44,"column":9},"end":{"line":44,"column":44}},"36":{"start":{"line":44,"column":22},"end":{"line":44,"column":44}},"37":{"start":{"line":45,"column":9},"end":{"line":53,"column":3}},"38":{"start":{"line":47,"column":20},"end":{"line":47,"column":59}},"39":{"start":{"line":48,"column":4},"end":{"line":48,"column":47}},"40":{"start":{"line":48,"column":21},"end":{"line":48,"column":47}},"41":{"start":{"line":51,"column":19},"end":{"line":51,"column":57}},"42":{"start":{"line":52,"column":4},"end":{"line":52,"column":50}},"43":{"start":{"line":52,"column":20},"end":{"line":52,"column":50}},"44":{"start":{"line":55,"column":2},"end":{"line":55,"column":81}},"45":{"start":{"line":63,"column":16},"end":{"line":63,"column":53}},"46":{"start":{"line":64,"column":20},"end":{"line":64,"column":46}},"47":{"start":{"line":66,"column":16},"end":{"line":66,"column":56}},"48":{"start":{"line":67,"column":21},"end":{"line":67,"column":47}},"49":{"start":{"line":69,"column":2},"end":{"line":69,"column":115}},"50":{"start":{"line":77,"column":19},"end":{"line":77,"column":59}},"51":{"start":{"line":78,"column":20},"end":{"line":78,"column":61}},"52":{"start":{"line":79,"column":20},"end":{"line":79,"column":92}},"53":{"start":{"line":82,"column":21},"end":{"line":82,"column":22}},"54":{"start":{"line":84,"column":2},"end":{"line":84,"column":105}}},"fnMap":{"0":{"name":"normalizeCaudal","decl":{"start":{"line":6,"column":16},"end":{"line":6,"column":31}},"loc":{"start":{"line":6,"column":77},"end":{"line":15,"column":1}}},"1":{"name":"normalizeMca","decl":{"start":{"line":20,"column":16},"end":{"line":20,"column":28}},"loc":{"start":{"line":20,"column":71},"end":{"line":28,"column":1}}},"2":{"name":"calcSuperficie","decl":{"start":{"line":33,"column":16},"end":{"line":33,"column":30}},"loc":{"start":{"line":33,"column":82},"end":{"line":56,"column":1}}},"3":{"name":"calcPozo","decl":{"start":{"line":61,"column":16},"end":{"line":61,"column":24}},"loc":{"start":{"line":61,"column":76},"end":{"line":70,"column":1}}},"4":{"name":"calcDrenaje","decl":{"start":{"line":75,"column":16},"end":{"line":75,"column":27}},"loc":{"start":{"line":75,"column":79},"end":{"line":85,"column":1}}}},"branchMap":{"0":{"loc":{"start":{"line":7,"column":2},"end":{"line":7,"column":27}},"type":"if","locations":[{"start":{"line":7,"column":2},"end":{"line":7,"column":27}},{"start":{},"end":{}}]},"1":{"loc":{"start":{"line":10,"column":14},"end":{"line":10,"column":64}},"type":"cond-expr","locations":[{"start":{"line":10,"column":22},"end":{"line":10,"column":60}},{"start":{"line":10,"column":63},"end":{"line":10,"column":64}}]},"2":{"loc":{"start":{"line":11,"column":2},"end":{"line":11,"column":51}},"type":"if","locations":[{"start":{"line":11,"column":2},"end":{"line":11,"column":51}},{"start":{},"end":{}}]},"3":{"loc":{"start":{"line":12,"column":2},"end":{"line":12,"column":41}},"type":"if","locations":[{"start":{"line":12,"column":2},"end":{"line":12,"column":41}},{"start":{},"end":{}}]},"4":{"loc":{"start":{"line":13,"column":2},"end":{"line":13,"column":41}},"type":"if","locations":[{"start":{"line":13,"column":2},"end":{"line":13,"column":41}},{"start":{},"end":{}}]},"5":{"loc":{"start":{"line":21,"column":2},"end":{"line":21,"column":24}},"type":"if","locations":[{"start":{"line":21,"column":2},"end":{"line":21,"column":24}},{"start":{},"end":{}}]},"6":{"loc":{"start":{"line":24,"column":14},"end":{"line":24,"column":64}},"type":"cond-expr","locations":[{"start":{"line":24,"column":22},"end":{"line":24,"column":60}},{"start":{"line":24,"column":63},"end":{"line":24,"column":64}}]},"7":{"loc":{"start":{"line":25,"column":2},"end":{"line":25,"column":41}},"type":"if","locations":[{"start":{"line":25,"column":2},"end":{"line":25,"column":41}},{"start":{},"end":{}}]},"8":{"loc":{"start":{"line":26,"column":2},"end":{"line":26,"column":44}},"type":"if","locations":[{"start":{"line":26,"column":2},"end":{"line":26,"column":44}},{"start":{},"end":{}}]},"9":{"loc":{"start":{"line":37,"column":2},"end":{"line":53,"column":3}},"type":"if","locations":[{"start":{"line":37,"column":2},"end":{"line":53,"column":3}},{"start":{"line":45,"column":9},"end":{"line":53,"column":3}}]},"10":{"loc":{"start":{"line":39,"column":16},"end":{"line":39,"column":90}},"type":"cond-expr","locations":[{"start":{"line":39,"column":36},"end":{"line":39,"column":86}},{"start":{"line":39,"column":89},"end":{"line":39,"column":90}}]},"11":{"loc":{"start":{"line":39,"column":37},"end":{"line":39,"column":79}},"type":"binary-expr","locations":[{"start":{"line":39,"column":37},"end":{"line":39,"column":74}},{"start":{"line":39,"column":78},"end":{"line":39,"column":79}}]},"12":{"loc":{"start":{"line":41,"column":16},"end":{"line":41,"column":58}},"type":"binary-expr","locations":[{"start":{"line":41,"column":16},"end":{"line":41,"column":53}},{"start":{"line":41,"column":57},"end":{"line":41,"column":58}}]},"13":{"loc":{"start":{"line":42,"column":17},"end":{"line":42,"column":60}},"type":"binary-expr","locations":[{"start":{"line":42,"column":17},"end":{"line":42,"column":55}},{"start":{"line":42,"column":59},"end":{"line":42,"column":60}}]},"14":{"loc":{"start":{"line":43,"column":4},"end":{"line":44,"column":44}},"type":"if","locations":[{"start":{"line":43,"column":4},"end":{"line":44,"column":44}},{"start":{"line":44,"column":9},"end":{"line":44,"column":44}}]},"15":{"loc":{"start":{"line":43,"column":8},"end":{"line":43,"column":27}},"type":"binary-expr","locations":[{"start":{"line":43,"column":8},"end":{"line":43,"column":15}},{"start":{"line":43,"column":19},"end":{"line":43,"column":27}}]},"16":{"loc":{"start":{"line":44,"column":9},"end":{"line":44,"column":44}},"type":"if","locations":[{"start":{"line":44,"column":9},"end":{"line":44,"column":44}},{"start":{},"end":{}}]},"17":{"loc":{"start":{"line":45,"column":9},"end":{"line":53,"column":3}},"type":"if","locations":[{"start":{"line":45,"column":9},"end":{"line":53,"column":3}},{"start":{},"end":{}}]},"18":{"loc":{"start":{"line":47,"column":20},"end":{"line":47,"column":59}},"type":"binary-expr","locations":[{"start":{"line":47,"column":20},"end":{"line":47,"column":54}},{"start":{"line":47,"column":58},"end":{"line":47,"column":59}}]},"19":{"loc":{"start":{"line":48,"column":4},"end":{"line":48,"column":47}},"type":"if","locations":[{"start":{"line":48,"column":4},"end":{"line":48,"column":47}},{"start":{},"end":{}}]},"20":{"loc":{"start":{"line":51,"column":19},"end":{"line":51,"column":57}},"type":"binary-expr","locations":[{"start":{"line":51,"column":19},"end":{"line":51,"column":52}},{"start":{"line":51,"column":56},"end":{"line":51,"column":57}}]},"21":{"loc":{"start":{"line":52,"column":4},"end":{"line":52,"column":50}},"type":"if","locations":[{"start":{"line":52,"column":4},"end":{"line":52,"column":50}},{"start":{},"end":{}}]},"22":{"loc":{"start":{"line":63,"column":16},"end":{"line":63,"column":53}},"type":"binary-expr","locations":[{"start":{"line":63,"column":16},"end":{"line":63,"column":48}},{"start":{"line":63,"column":52},"end":{"line":63,"column":53}}]},"23":{"loc":{"start":{"line":64,"column":20},"end":{"line":64,"column":46}},"type":"cond-expr","locations":[{"start":{"line":64,"column":32},"end":{"line":64,"column":42}},{"start":{"line":64,"column":45},"end":{"line":64,"column":46}}]},"24":{"loc":{"start":{"line":66,"column":16},"end":{"line":66,"column":56}},"type":"binary-expr","locations":[{"start":{"line":66,"column":16},"end":{"line":66,"column":51}},{"start":{"line":66,"column":55},"end":{"line":66,"column":56}}]},"25":{"loc":{"start":{"line":67,"column":21},"end":{"line":67,"column":47}},"type":"cond-expr","locations":[{"start":{"line":67,"column":33},"end":{"line":67,"column":43}},{"start":{"line":67,"column":46},"end":{"line":67,"column":47}}]},"26":{"loc":{"start":{"line":77,"column":19},"end":{"line":77,"column":59}},"type":"binary-expr","locations":[{"start":{"line":77,"column":19},"end":{"line":77,"column":54}},{"start":{"line":77,"column":58},"end":{"line":77,"column":59}}]},"27":{"loc":{"start":{"line":78,"column":20},"end":{"line":78,"column":61}},"type":"binary-expr","locations":[{"start":{"line":78,"column":20},"end":{"line":78,"column":56}},{"start":{"line":78,"column":60},"end":{"line":78,"column":61}}]},"28":{"loc":{"start":{"line":79,"column":20},"end":{"line":79,"column":92}},"type":"cond-expr","locations":[{"start":{"line":79,"column":55},"end":{"line":79,"column":87}},{"start":{"line":79,"column":91},"end":{"line":79,"column":92}}]},"29":{"loc":{"start":{"line":79,"column":21},"end":{"line":79,"column":50}},"type":"binary-expr","locations":[{"start":{"line":79,"column":21},"end":{"line":79,"column":33}},{"start":{"line":79,"column":37},"end":{"line":79,"column":50}}]}},"s":{"0":1,"1":1,"2":1,"3":1,"4":1,"5":6,"6":2,"7":4,"8":4,"9":4,"10":4,"11":1,"12":3,"13":1,"14":2,"15":1,"16":1,"17":5,"18":1,"19":4,"20":4,"21":4,"22":4,"23":1,"24":3,"25":1,"26":2,"27":2,"28":2,"29":2,"30":1,"31":1,"32":1,"33":1,"34":1,"35":0,"36":0,"37":1,"38":1,"39":1,"40":1,"41":1,"42":1,"43":1,"44":2,"45":1,"46":1,"47":1,"48":1,"49":1,"50":1,"51":1,"52":1,"53":1,"54":1},"f":{"0":6,"1":5,"2":2,"3":1,"4":1},"b":{"0":[2,4],"1":[4,0],"2":[1,3],"3":[1,2],"4":[1,1],"5":[1,4],"6":[4,0],"7":[1,3],"8":[1,2],"9":[1,1],"10":[1,0],"11":[1,0],"12":[1,0],"13":[1,0],"14":[1,0],"15":[1,1],"16":[0,0],"17":[1,0],"18":[1,0],"19":[1,0],"20":[1,0],"21":[1,0],"22":[1,0],"23":[1,0],"24":[1,0],"25":[1,0],"26":[1,0],"27":[1,0],"28":[1,0],"29":[1,0]}}
,"C:\\Users\\ovilla\\Desktop\\app_comagro_2\\src\\utils\\database.ts": {"path":"C:\\Users\\ovilla\\Desktop\\app_comagro_2\\src\\utils\\database.ts","statementMap":{"0":{"start":{"line":30,"column":0},"end":{"line":30,"column":7}},"1":{"start":{"line":118,"column":0},"end":{"line":118,"column":7}},"2":{"start":{"line":123,"column":0},"end":{"line":123,"column":7}},"3":{"start":{"line":181,"column":0},"end":{"line":181,"column":7}},"4":{"start":{"line":245,"column":0},"end":{"line":245,"column":7}},"5":{"start":{"line":251,"column":0},"end":{"line":251,"column":7}},"6":{"start":{"line":269,"column":0},"end":{"line":269,"column":7}},"7":{"start":{"line":284,"column":0},"end":{"line":284,"column":7}},"8":{"start":{"line":312,"column":0},"end":{"line":312,"column":7}},"9":{"start":{"line":1,"column":0},"end":{"line":1,"column":38}},"10":{"start":{"line":2,"column":0},"end":{"line":2,"column":69}},"11":{"start":{"line":3,"column":0},"end":{"line":3,"column":49}},"12":{"start":{"line":6,"column":16},"end":{"line":6,"column":28}},"13":{"start":{"line":21,"column":40},"end":{"line":21,"column":44}},"14":{"start":{"line":24,"column":2},"end":{"line":26,"column":3}},"15":{"start":{"line":25,"column":4},"end":{"line":25,"column":50}},"16":{"start":{"line":27,"column":2},"end":{"line":27,"column":13}},"17":{"start":{"line":31,"column":13},"end":{"line":31,"column":26}},"18":{"start":{"line":34,"column":2},"end":{"line":70,"column":5}},"19":{"start":{"line":73,"column":20},"end":{"line":73,"column":90}},"20":{"start":{"line":74,"column":2},"end":{"line":106,"column":3}},"21":{"start":{"line":75,"column":25},"end":{"line":75,"column":68}},"22":{"start":{"line":75,"column":49},"end":{"line":75,"column":67}},"23":{"start":{"line":76,"column":32},"end":{"line":76,"column":83}},"24":{"start":{"line":76,"column":56},"end":{"line":76,"column":82}},"25":{"start":{"line":77,"column":32},"end":{"line":77,"column":83}},"26":{"start":{"line":77,"column":56},"end":{"line":77,"column":82}},"27":{"start":{"line":79,"column":4},"end":{"line":105,"column":5}},"28":{"start":{"line":81,"column":6},"end":{"line":81,"column":60}},"29":{"start":{"line":82,"column":6},"end":{"line":82,"column":64}},"30":{"start":{"line":83,"column":6},"end":{"line":83,"column":83}},"31":{"start":{"line":83,"column":12},"end":{"line":83,"column":72}},"32":{"start":{"line":85,"column":6},"end":{"line":96,"column":9}},"33":{"start":{"line":99,"column":6},"end":{"line":101,"column":7}},"34":{"start":{"line":100,"column":8},"end":{"line":100,"column":81}},"35":{"start":{"line":102,"column":6},"end":{"line":104,"column":7}},"36":{"start":{"line":103,"column":8},"end":{"line":103,"column":81}},"37":{"start":{"line":109,"column":2},"end":{"line":113,"column":3}},"38":{"start":{"line":110,"column":4},"end":{"line":110,"column":86}},"39":{"start":{"line":112,"column":4},"end":{"line":112,"column":43}},"40":{"start":{"line":115,"column":2},"end":{"line":115,"column":12}},"41":{"start":{"line":119,"column":13},"end":{"line":119,"column":26}},"42":{"start":{"line":120,"column":2},"end":{"line":120,"column":47}},"43":{"start":{"line":124,"column":13},"end":{"line":124,"column":26}},"44":{"start":{"line":126,"column":2},"end":{"line":178,"column":5}},"45":{"start":{"line":127,"column":4},"end":{"line":129,"column":5}},"46":{"start":{"line":128,"column":6},"end":{"line":128,"column":51}},"47":{"start":{"line":131,"column":16},"end":{"line":131,"column":17}},"48":{"start":{"line":132,"column":4},"end":{"line":177,"column":5}},"49":{"start":{"line":133,"column":19},"end":{"line":133,"column":33}},"50":{"start":{"line":134,"column":6},"end":{"line":134,"column":26}},"51":{"start":{"line":134,"column":17},"end":{"line":134,"column":26}},"52":{"start":{"line":136,"column":18},"end":{"line":136,"column":37}},"53":{"start":{"line":137,"column":20},"end":{"line":137,"column":89}},"54":{"start":{"line":138,"column":27},"end":{"line":138,"column":121}},"55":{"start":{"line":139,"column":29},"end":{"line":139,"column":80}},"56":{"start":{"line":140,"column":21},"end":{"line":140,"column":75}},"57":{"start":{"line":142,"column":40},"end":{"line":142,"column":42}},"58":{"start":{"line":143,"column":28},"end":{"line":147,"column":8}},"59":{"start":{"line":149,"column":21},"end":{"line":151,"column":56}},"60":{"start":{"line":153,"column":6},"end":{"line":161,"column":7}},"61":{"start":{"line":154,"column":8},"end":{"line":160,"column":9}},"62":{"start":{"line":155,"column":20},"end":{"line":155,"column":38}},"63":{"start":{"line":156,"column":25},"end":{"line":156,"column":40}},"64":{"start":{"line":157,"column":10},"end":{"line":159,"column":11}},"65":{"start":{"line":158,"column":12},"end":{"line":158,"column":33}},"66":{"start":{"line":163,"column":24},"end":{"line":163,"column":45}},"67":{"start":{"line":164,"column":25},"end":{"line":164,"column":106}},"68":{"start":{"line":164,"column":75},"end":{"line":164,"column":79}},"69":{"start":{"line":165,"column":25},"end":{"line":165,"column":44}},"70":{"start":{"line":167,"column":6},"end":{"line":170,"column":8}},"71":{"start":{"line":173,"column":6},"end":{"line":173,"column":14}},"72":{"start":{"line":174,"column":6},"end":{"line":176,"column":7}},"73":{"start":{"line":175,"column":8},"end":{"line":175,"column":61}},"74":{"start":{"line":175,"column":37},"end":{"line":175,"column":59}},"75":{"start":{"line":182,"column":13},"end":{"line":182,"column":26}},"76":{"start":{"line":184,"column":14},"end":{"line":184,"column":16}},"77":{"start":{"line":185,"column":27},"end":{"line":185,"column":29}},"78":{"start":{"line":186,"column":15},"end":{"line":186,"column":20}},"79":{"start":{"line":187,"column":33},"end":{"line":187,"column":35}},"80":{"start":{"line":189,"column":2},"end":{"line":196,"column":3}},"81":{"start":{"line":190,"column":4},"end":{"line":190,"column":18}},"82":{"start":{"line":191,"column":21},"end":{"line":191,"column":99}},"83":{"start":{"line":191,"column":86},"end":{"line":191,"column":98}},"84":{"start":{"line":192,"column":4},"end":{"line":195,"column":5}},"85":{"start":{"line":194,"column":6},"end":{"line":194,"column":68}},"86":{"start":{"line":194,"column":42},"end":{"line":194,"column":51}},"87":{"start":{"line":198,"column":2},"end":{"line":201,"column":3}},"88":{"start":{"line":199,"column":4},"end":{"line":199,"column":18}},"89":{"start":{"line":200,"column":4},"end":{"line":200,"column":65}},"90":{"start":{"line":203,"column":2},"end":{"line":217,"column":3}},"91":{"start":{"line":204,"column":4},"end":{"line":204,"column":94}},"92":{"start":{"line":205,"column":4},"end":{"line":208,"column":5}},"93":{"start":{"line":206,"column":6},"end":{"line":206,"column":44}},"94":{"start":{"line":207,"column":6},"end":{"line":207,"column":65}},"95":{"start":{"line":207,"column":40},"end":{"line":207,"column":48}},"96":{"start":{"line":209,"column":4},"end":{"line":211,"column":5}},"97":{"start":{"line":210,"column":6},"end":{"line":210,"column":90}},"98":{"start":{"line":213,"column":4},"end":{"line":213,"column":48}},"99":{"start":{"line":214,"column":4},"end":{"line":216,"column":5}},"100":{"start":{"line":215,"column":6},"end":{"line":215,"column":150}},"101":{"start":{"line":219,"column":2},"end":{"line":223,"column":3}},"102":{"start":{"line":221,"column":4},"end":{"line":221,"column":62}},"103":{"start":{"line":222,"column":4},"end":{"line":222,"column":29}},"104":{"start":{"line":225,"column":2},"end":{"line":228,"column":3}},"105":{"start":{"line":226,"column":4},"end":{"line":226,"column":82}},"106":{"start":{"line":227,"column":4},"end":{"line":227,"column":37}},"107":{"start":{"line":230,"column":2},"end":{"line":230,"column":124}},"108":{"start":{"line":232,"column":18},"end":{"line":232,"column":65}},"109":{"start":{"line":234,"column":2},"end":{"line":242,"column":6}},"110":{"start":{"line":234,"column":27},"end":{"line":242,"column":4}},"111":{"start":{"line":246,"column":13},"end":{"line":246,"column":26}},"112":{"start":{"line":247,"column":18},"end":{"line":247,"column":116}},"113":{"start":{"line":248,"column":2},"end":{"line":248,"column":51}},"114":{"start":{"line":248,"column":26},"end":{"line":248,"column":33}},"115":{"start":{"line":252,"column":13},"end":{"line":252,"column":26}},"116":{"start":{"line":253,"column":14},"end":{"line":253,"column":65}},"117":{"start":{"line":254,"column":2},"end":{"line":256,"column":3}},"118":{"start":{"line":255,"column":4},"end":{"line":255,"column":148}},"119":{"start":{"line":257,"column":18},"end":{"line":257,"column":77}},"120":{"start":{"line":258,"column":2},"end":{"line":266,"column":6}},"121":{"start":{"line":258,"column":27},"end":{"line":266,"column":4}},"122":{"start":{"line":270,"column":13},"end":{"line":270,"column":26}},"123":{"start":{"line":271,"column":17},"end":{"line":271,"column":99}},"124":{"start":{"line":272,"column":2},"end":{"line":272,"column":27}},"125":{"start":{"line":272,"column":15},"end":{"line":272,"column":27}},"126":{"start":{"line":273,"column":2},"end":{"line":281,"column":4}},"127":{"start":{"line":285,"column":2},"end":{"line":309,"column":3}},"128":{"start":{"line":286,"column":34},"end":{"line":286,"column":66}},"129":{"start":{"line":287,"column":18},"end":{"line":287,"column":39}},"130":{"start":{"line":289,"column":44},"end":{"line":289,"column":82}},"131":{"start":{"line":290,"column":4},"end":{"line":290,"column":60}},"132":{"start":{"line":290,"column":15},"end":{"line":290,"column":60}},"133":{"start":{"line":292,"column":16},"end":{"line":292,"column":86}},"134":{"start":{"line":293,"column":4},"end":{"line":293,"column":29}},"135":{"start":{"line":293,"column":17},"end":{"line":293,"column":29}},"136":{"start":{"line":294,"column":16},"end":{"line":294,"column":32}},"137":{"start":{"line":297,"column":22},"end":{"line":297,"column":54}},"138":{"start":{"line":298,"column":14},"end":{"line":298,"column":126}},"139":{"start":{"line":298,"column":45},"end":{"line":298,"column":125}},"140":{"start":{"line":299,"column":4},"end":{"line":299,"column":24}},"141":{"start":{"line":299,"column":12},"end":{"line":299,"column":24}},"142":{"start":{"line":301,"column":25},"end":{"line":301,"column":111}},"143":{"start":{"line":302,"column":4},"end":{"line":302,"column":43}},"144":{"start":{"line":302,"column":12},"end":{"line":302,"column":43}},"145":{"start":{"line":304,"column":4},"end":{"line":304,"column":47}},"146":{"start":{"line":305,"column":4},"end":{"line":305,"column":38}},"147":{"start":{"line":307,"column":4},"end":{"line":307,"column":103}},"148":{"start":{"line":308,"column":4},"end":{"line":308,"column":16}},"149":{"start":{"line":313,"column":13},"end":{"line":313,"column":26}},"150":{"start":{"line":314,"column":18},"end":{"line":314,"column":105}},"151":{"start":{"line":315,"column":2},"end":{"line":323,"column":6}},"152":{"start":{"line":315,"column":27},"end":{"line":323,"column":4}}},"fnMap":{"0":{"name":"getDB","decl":{"start":{"line":23,"column":15},"end":{"line":23,"column":20}},"loc":{"start":{"line":23,"column":20},"end":{"line":28,"column":1}}},"1":{"name":"initDB","decl":{"start":{"line":30,"column":22},"end":{"line":30,"column":28}},"loc":{"start":{"line":30,"column":28},"end":{"line":116,"column":1}}},"2":{"name":"(anonymous_12)","decl":{"start":{"line":75,"column":40},"end":{"line":75,"column":41}},"loc":{"start":{"line":75,"column":49},"end":{"line":75,"column":67}}},"3":{"name":"(anonymous_13)","decl":{"start":{"line":76,"column":47},"end":{"line":76,"column":48}},"loc":{"start":{"line":76,"column":56},"end":{"line":76,"column":82}}},"4":{"name":"(anonymous_14)","decl":{"start":{"line":77,"column":47},"end":{"line":77,"column":48}},"loc":{"start":{"line":77,"column":56},"end":{"line":77,"column":82}}},"5":{"name":"clearProducts","decl":{"start":{"line":118,"column":22},"end":{"line":118,"column":35}},"loc":{"start":{"line":118,"column":35},"end":{"line":121,"column":1}}},"6":{"name":"insertProductsBatch","decl":{"start":{"line":123,"column":22},"end":{"line":123,"column":41}},"loc":{"start":{"line":123,"column":125},"end":{"line":179,"column":1}}},"7":{"name":"(anonymous_17)","decl":{"start":{"line":126,"column":32},"end":{"line":126,"column":37}},"loc":{"start":{"line":126,"column":43},"end":{"line":178,"column":3}}},"8":{"name":"(anonymous_18)","decl":{"start":{"line":164,"column":70},"end":{"line":164,"column":71}},"loc":{"start":{"line":164,"column":75},"end":{"line":164,"column":79}}},"9":{"name":"(anonymous_19)","decl":{"start":{"line":175,"column":26},"end":{"line":175,"column":33}},"loc":{"start":{"line":175,"column":37},"end":{"line":175,"column":59}}},"10":{"name":"searchProducts","decl":{"start":{"line":181,"column":22},"end":{"line":181,"column":36}},"loc":{"start":{"line":181,"column":101},"end":{"line":243,"column":1}}},"11":{"name":"(anonymous_21)","decl":{"start":{"line":191,"column":81},"end":{"line":191,"column":82}},"loc":{"start":{"line":191,"column":86},"end":{"line":191,"column":98}}},"12":{"name":"(anonymous_22)","decl":{"start":{"line":194,"column":37},"end":{"line":194,"column":38}},"loc":{"start":{"line":194,"column":42},"end":{"line":194,"column":51}}},"13":{"name":"(anonymous_23)","decl":{"start":{"line":207,"column":35},"end":{"line":207,"column":36}},"loc":{"start":{"line":207,"column":40},"end":{"line":207,"column":48}}},"14":{"name":"(anonymous_24)","decl":{"start":{"line":234,"column":21},"end":{"line":234,"column":22}},"loc":{"start":{"line":234,"column":27},"end":{"line":242,"column":4}}},"15":{"name":"getUniqueBrands","decl":{"start":{"line":245,"column":22},"end":{"line":245,"column":37}},"loc":{"start":{"line":245,"column":37},"end":{"line":249,"column":1}}},"16":{"name":"(anonymous_26)","decl":{"start":{"line":248,"column":21},"end":{"line":248,"column":22}},"loc":{"start":{"line":248,"column":26},"end":{"line":248,"column":33}}},"17":{"name":"getProductsBySubcategory","decl":{"start":{"line":251,"column":22},"end":{"line":251,"column":46}},"loc":{"start":{"line":251,"column":92},"end":{"line":267,"column":1}}},"18":{"name":"(anonymous_28)","decl":{"start":{"line":258,"column":21},"end":{"line":258,"column":22}},"loc":{"start":{"line":258,"column":27},"end":{"line":266,"column":4}}},"19":{"name":"getProductBySku","decl":{"start":{"line":269,"column":22},"end":{"line":269,"column":37}},"loc":{"start":{"line":269,"column":49},"end":{"line":282,"column":1}}},"20":{"name":"fetchMissingProductFromCloud","decl":{"start":{"line":284,"column":22},"end":{"line":284,"column":50}},"loc":{"start":{"line":284,"column":62},"end":{"line":310,"column":1}}},"21":{"name":"(anonymous_31)","decl":{"start":{"line":298,"column":29},"end":{"line":298,"column":30}},"loc":{"start":{"line":298,"column":45},"end":{"line":298,"column":125}}},"22":{"name":"getAllProducts","decl":{"start":{"line":312,"column":22},"end":{"line":312,"column":36}},"loc":{"start":{"line":312,"column":36},"end":{"line":324,"column":1}}},"23":{"name":"(anonymous_33)","decl":{"start":{"line":315,"column":21},"end":{"line":315,"column":22}},"loc":{"start":{"line":315,"column":27},"end":{"line":323,"column":4}}}},"branchMap":{"0":{"loc":{"start":{"line":24,"column":2},"end":{"line":26,"column":3}},"type":"if","locations":[{"start":{"line":24,"column":2},"end":{"line":26,"column":3}},{"start":{},"end":{}}]},"1":{"loc":{"start":{"line":74,"column":2},"end":{"line":106,"column":3}},"type":"if","locations":[{"start":{"line":74,"column":2},"end":{"line":106,"column":3}},{"start":{},"end":{}}]},"2":{"loc":{"start":{"line":79,"column":4},"end":{"line":105,"column":5}},"type":"if","locations":[{"start":{"line":79,"column":4},"end":{"line":105,"column":5}},{"start":{"line":97,"column":11},"end":{"line":105,"column":5}}]},"3":{"loc":{"start":{"line":99,"column":6},"end":{"line":101,"column":7}},"type":"if","locations":[{"start":{"line":99,"column":6},"end":{"line":101,"column":7}},{"start":{},"end":{}}]},"4":{"loc":{"start":{"line":102,"column":6},"end":{"line":104,"column":7}},"type":"if","locations":[{"start":{"line":102,"column":6},"end":{"line":104,"column":7}},{"start":{},"end":{}}]},"5":{"loc":{"start":{"line":123,"column":110},"end":{"line":123,"column":125}},"type":"default-arg","locations":[{"start":{"line":123,"column":120},"end":{"line":123,"column":125}}]},"6":{"loc":{"start":{"line":127,"column":4},"end":{"line":129,"column":5}},"type":"if","locations":[{"start":{"line":127,"column":4},"end":{"line":129,"column":5}},{"start":{},"end":{}}]},"7":{"loc":{"start":{"line":133,"column":19},"end":{"line":133,"column":33}},"type":"binary-expr","locations":[{"start":{"line":133,"column":19},"end":{"line":133,"column":24}},{"start":{"line":133,"column":28},"end":{"line":133,"column":33}}]},"8":{"loc":{"start":{"line":134,"column":6},"end":{"line":134,"column":26}},"type":"if","locations":[{"start":{"line":134,"column":6},"end":{"line":134,"column":26}},{"start":{},"end":{}}]},"9":{"loc":{"start":{"line":137,"column":21},"end":{"line":137,"column":56}},"type":"binary-expr","locations":[{"start":{"line":137,"column":21},"end":{"line":137,"column":28}},{"start":{"line":137,"column":32},"end":{"line":137,"column":39}},{"start":{"line":137,"column":43},"end":{"line":137,"column":50}},{"start":{"line":137,"column":54},"end":{"line":137,"column":56}}]},"10":{"loc":{"start":{"line":138,"column":28},"end":{"line":138,"column":88}},"type":"binary-expr","locations":[{"start":{"line":138,"column":28},"end":{"line":138,"column":49}},{"start":{"line":138,"column":53},"end":{"line":138,"column":75}},{"start":{"line":138,"column":79},"end":{"line":138,"column":88}}]},"11":{"loc":{"start":{"line":139,"column":30},"end":{"line":139,"column":61}},"type":"binary-expr","locations":[{"start":{"line":139,"column":30},"end":{"line":139,"column":43}},{"start":{"line":139,"column":47},"end":{"line":139,"column":55}},{"start":{"line":139,"column":59},"end":{"line":139,"column":61}}]},"12":{"loc":{"start":{"line":140,"column":21},"end":{"line":140,"column":75}},"type":"binary-expr","locations":[{"start":{"line":140,"column":22},"end":{"line":140,"column":30}},{"start":{"line":140,"column":34},"end":{"line":140,"column":56}},{"start":{"line":140,"column":61},"end":{"line":140,"column":75}}]},"13":{"loc":{"start":{"line":154,"column":8},"end":{"line":160,"column":9}},"type":"if","locations":[{"start":{"line":154,"column":8},"end":{"line":160,"column":9}},{"start":{},"end":{}}]},"14":{"loc":{"start":{"line":154,"column":12},"end":{"line":154,"column":59}},"type":"binary-expr","locations":[{"start":{"line":154,"column":12},"end":{"line":154,"column":35}},{"start":{"line":154,"column":39},"end":{"line":154,"column":59}}]},"15":{"loc":{"start":{"line":157,"column":10},"end":{"line":159,"column":11}},"type":"if","locations":[{"start":{"line":157,"column":10},"end":{"line":159,"column":11}},{"start":{},"end":{}}]},"16":{"loc":{"start":{"line":157,"column":14},"end":{"line":157,"column":81}},"type":"binary-expr","locations":[{"start":{"line":157,"column":14},"end":{"line":157,"column":26}},{"start":{"line":157,"column":30},"end":{"line":157,"column":53}},{"start":{"line":157,"column":57},"end":{"line":157,"column":81}}]},"17":{"loc":{"start":{"line":165,"column":25},"end":{"line":165,"column":44}},"type":"binary-expr","locations":[{"start":{"line":165,"column":25},"end":{"line":165,"column":38}},{"start":{"line":165,"column":42},"end":{"line":165,"column":44}}]},"18":{"loc":{"start":{"line":174,"column":6},"end":{"line":176,"column":7}},"type":"if","locations":[{"start":{"line":174,"column":6},"end":{"line":176,"column":7}},{"start":{},"end":{}}]},"19":{"loc":{"start":{"line":189,"column":2},"end":{"line":196,"column":3}},"type":"if","locations":[{"start":{"line":189,"column":2},"end":{"line":196,"column":3}},{"start":{},"end":{}}]},"20":{"loc":{"start":{"line":189,"column":6},"end":{"line":189,"column":54}},"type":"binary-expr","locations":[{"start":{"line":189,"column":6},"end":{"line":189,"column":19}},{"start":{"line":189,"column":23},"end":{"line":189,"column":54}}]},"21":{"loc":{"start":{"line":192,"column":4},"end":{"line":195,"column":5}},"type":"if","locations":[{"start":{"line":192,"column":4},"end":{"line":195,"column":5}},{"start":{},"end":{}}]},"22":{"loc":{"start":{"line":198,"column":2},"end":{"line":201,"column":3}},"type":"if","locations":[{"start":{"line":198,"column":2},"end":{"line":201,"column":3}},{"start":{},"end":{}}]},"23":{"loc":{"start":{"line":203,"column":2},"end":{"line":217,"column":3}},"type":"if","locations":[{"start":{"line":203,"column":2},"end":{"line":217,"column":3}},{"start":{"line":212,"column":9},"end":{"line":217,"column":3}}]},"24":{"loc":{"start":{"line":205,"column":4},"end":{"line":208,"column":5}},"type":"if","locations":[{"start":{"line":205,"column":4},"end":{"line":208,"column":5}},{"start":{},"end":{}}]},"25":{"loc":{"start":{"line":209,"column":4},"end":{"line":211,"column":5}},"type":"if","locations":[{"start":{"line":209,"column":4},"end":{"line":211,"column":5}},{"start":{},"end":{}}]},"26":{"loc":{"start":{"line":214,"column":4},"end":{"line":216,"column":5}},"type":"if","locations":[{"start":{"line":214,"column":4},"end":{"line":216,"column":5}},{"start":{},"end":{}}]},"27":{"loc":{"start":{"line":219,"column":2},"end":{"line":223,"column":3}},"type":"if","locations":[{"start":{"line":219,"column":2},"end":{"line":223,"column":3}},{"start":{},"end":{}}]},"28":{"loc":{"start":{"line":219,"column":6},"end":{"line":219,"column":66}},"type":"binary-expr","locations":[{"start":{"line":219,"column":6},"end":{"line":219,"column":17}},{"start":{"line":219,"column":21},"end":{"line":219,"column":44}},{"start":{"line":219,"column":48},"end":{"line":219,"column":66}}]},"29":{"loc":{"start":{"line":221,"column":14},"end":{"line":221,"column":60}},"type":"cond-expr","locations":[{"start":{"line":221,"column":23},"end":{"line":221,"column":41}},{"start":{"line":221,"column":44},"end":{"line":221,"column":60}}]},"30":{"loc":{"start":{"line":225,"column":2},"end":{"line":228,"column":3}},"type":"if","locations":[{"start":{"line":225,"column":2},"end":{"line":228,"column":3}},{"start":{},"end":{}}]},"31":{"loc":{"start":{"line":225,"column":6},"end":{"line":225,"column":112}},"type":"binary-expr","locations":[{"start":{"line":225,"column":6},"end":{"line":225,"column":18}},{"start":{"line":225,"column":22},"end":{"line":225,"column":46}},{"start":{"line":225,"column":50},"end":{"line":225,"column":76}},{"start":{"line":225,"column":80},"end":{"line":225,"column":112}}]},"32":{"loc":{"start":{"line":226,"column":14},"end":{"line":226,"column":80}},"type":"cond-expr","locations":[{"start":{"line":226,"column":23},"end":{"line":226,"column":51}},{"start":{"line":226,"column":54},"end":{"line":226,"column":80}}]},"33":{"loc":{"start":{"line":230,"column":12},"end":{"line":230,"column":122}},"type":"cond-expr","locations":[{"start":{"line":230,"column":21},"end":{"line":230,"column":72}},{"start":{"line":230,"column":75},"end":{"line":230,"column":122}}]},"34":{"loc":{"start":{"line":240,"column":11},"end":{"line":240,"column":55}},"type":"cond-expr","locations":[{"start":{"line":240,"column":26},"end":{"line":240,"column":50}},{"start":{"line":240,"column":53},"end":{"line":240,"column":55}}]},"35":{"loc":{"start":{"line":241,"column":17},"end":{"line":241,"column":36}},"type":"binary-expr","locations":[{"start":{"line":241,"column":17},"end":{"line":241,"column":30}},{"start":{"line":241,"column":34},"end":{"line":241,"column":36}}]},"36":{"loc":{"start":{"line":251,"column":66},"end":{"line":251,"column":92}},"type":"default-arg","locations":[{"start":{"line":251,"column":87},"end":{"line":251,"column":92}}]},"37":{"loc":{"start":{"line":254,"column":2},"end":{"line":256,"column":3}},"type":"if","locations":[{"start":{"line":254,"column":2},"end":{"line":256,"column":3}},{"start":{},"end":{}}]},"38":{"loc":{"start":{"line":264,"column":11},"end":{"line":264,"column":55}},"type":"cond-expr","locations":[{"start":{"line":264,"column":26},"end":{"line":264,"column":50}},{"start":{"line":264,"column":53},"end":{"line":264,"column":55}}]},"39":{"loc":{"start":{"line":265,"column":17},"end":{"line":265,"column":36}},"type":"binary-expr","locations":[{"start":{"line":265,"column":17},"end":{"line":265,"column":30}},{"start":{"line":265,"column":34},"end":{"line":265,"column":36}}]},"40":{"loc":{"start":{"line":272,"column":2},"end":{"line":272,"column":27}},"type":"if","locations":[{"start":{"line":272,"column":2},"end":{"line":272,"column":27}},{"start":{},"end":{}}]},"41":{"loc":{"start":{"line":279,"column":11},"end":{"line":279,"column":65}},"type":"cond-expr","locations":[{"start":{"line":279,"column":31},"end":{"line":279,"column":60}},{"start":{"line":279,"column":63},"end":{"line":279,"column":65}}]},"42":{"loc":{"start":{"line":280,"column":17},"end":{"line":280,"column":41}},"type":"binary-expr","locations":[{"start":{"line":280,"column":17},"end":{"line":280,"column":35}},{"start":{"line":280,"column":39},"end":{"line":280,"column":41}}]},"43":{"loc":{"start":{"line":290,"column":4},"end":{"line":290,"column":60}},"type":"if","locations":[{"start":{"line":290,"column":4},"end":{"line":290,"column":60}},{"start":{},"end":{}}]},"44":{"loc":{"start":{"line":293,"column":4},"end":{"line":293,"column":29}},"type":"if","locations":[{"start":{"line":293,"column":4},"end":{"line":293,"column":29}},{"start":{},"end":{}}]},"45":{"loc":{"start":{"line":297,"column":22},"end":{"line":297,"column":54}},"type":"cond-expr","locations":[{"start":{"line":297,"column":43},"end":{"line":297,"column":46}},{"start":{"line":297,"column":49},"end":{"line":297,"column":54}}]},"46":{"loc":{"start":{"line":298,"column":52},"end":{"line":298,"column":66}},"type":"binary-expr","locations":[{"start":{"line":298,"column":52},"end":{"line":298,"column":57}},{"start":{"line":298,"column":61},"end":{"line":298,"column":66}}]},"47":{"loc":{"start":{"line":299,"column":4},"end":{"line":299,"column":24}},"type":"if","locations":[{"start":{"line":299,"column":4},"end":{"line":299,"column":24}},{"start":{},"end":{}}]},"48":{"loc":{"start":{"line":302,"column":4},"end":{"line":302,"column":43}},"type":"if","locations":[{"start":{"line":302,"column":4},"end":{"line":302,"column":43}},{"start":{},"end":{}}]},"49":{"loc":{"start":{"line":321,"column":11},"end":{"line":321,"column":55}},"type":"cond-expr","locations":[{"start":{"line":321,"column":26},"end":{"line":321,"column":50}},{"start":{"line":321,"column":53},"end":{"line":321,"column":55}}]},"50":{"loc":{"start":{"line":322,"column":17},"end":{"line":322,"column":36}},"type":"binary-expr","locations":[{"start":{"line":322,"column":17},"end":{"line":322,"column":30}},{"start":{"line":322,"column":34},"end":{"line":322,"column":36}}]}},"s":{"0":0,"1":0,"2":0,"3":0,"4":0,"5":0,"6":0,"7":0,"8":0,"9":0,"10":0,"11":0,"12":0,"13":0,"14":0,"15":0,"16":0,"17":0,"18":0,"19":0,"20":0,"21":0,"22":0,"23":0,"24":0,"25":0,"26":0,"27":0,"28":0,"29":0,"30":0,"31":0,"32":0,"33":0,"34":0,"35":0,"36":0,"37":0,"38":0,"39":0,"40":0,"41":0,"42":0,"43":0,"44":0,"45":0,"46":0,"47":0,"48":0,"49":0,"50":0,"51":0,"52":0,"53":0,"54":0,"55":0,"56":0,"57":0,"58":0,"59":0,"60":0,"61":0,"62":0,"63":0,"64":0,"65":0,"66":0,"67":0,"68":0,"69":0,"70":0,"71":0,"72":0,"73":0,"74":0,"75":0,"76":0,"77":0,"78":0,"79":0,"80":0,"81":0,"82":0,"83":0,"84":0,"85":0,"86":0,"87":0,"88":0,"89":0,"90":0,"91":0,"92":0,"93":0,"94":0,"95":0,"96":0,"97":0,"98":0,"99":0,"100":0,"101":0,"102":0,"103":0,"104":0,"105":0,"106":0,"107":0,"108":0,"109":0,"110":0,"111":0,"112":0,"113":0,"114":0,"115":0,"116":0,"117":0,"118":0,"119":0,"120":0,"121":0,"122":0,"123":0,"124":0,"125":0,"126":0,"127":0,"128":0,"129":0,"130":0,"131":0,"132":0,"133":0,"134":0,"135":0,"136":0,"137":0,"138":0,"139":0,"140":0,"141":0,"142":0,"143":0,"144":0,"145":0,"146":0,"147":0,"148":0,"149":0,"150":0,"151":0,"152":0},"f":{"0":0,"1":0,"2":0,"3":0,"4":0,"5":0,"6":0,"7":0,"8":0,"9":0,"10":0,"11":0,"12":0,"13":0,"14":0,"15":0,"16":0,"17":0,"18":0,"19":0,"20":0,"21":0,"22":0,"23":0},"b":{"0":[0,0],"1":[0,0],"2":[0,0],"3":[0,0],"4":[0,0],"5":[0],"6":[0,0],"7":[0,0],"8":[0,0],"9":[0,0,0,0],"10":[0,0,0],"11":[0,0,0],"12
[...]
rt":{"line":52,"column":61},"end":{"line":52,"column":70}}]},"18":{"loc":{"start":{"line":55,"column":10},"end":{"line":55,"column":109}},"type":"cond-expr","locations":[{"start":{"line":55,"column":14},"end":{"line":55,"column":74}},{"start":{"line":55,"column":77},"end":{"line":55,"column":109}}]},"19":{"loc":{"start":{"line":60,"column":17},"end":{"line":60,"column":52}},"type":"cond-expr","locations":[{"start":{"line":60,"column":31},"end":{"line":60,"column":40}},{"start":{"line":60,"column":43},"end":{"line":60,"column":52}}]},"20":{"loc":{"start":{"line":67,"column":19},"end":{"line":69,"column":77}},"type":"cond-expr","locations":[{"start":{"line":68,"column":6},"end":{"line":68,"column":125}},{"start":{"line":69,"column":6},"end":{"line":69,"column":77}}]},"21":{"loc":{"start":{"line":71,"column":20},"end":{"line":74,"column":8}},"type":"cond-expr","locations":[{"start":{"line":72,"column":6},"end":{"line":73,"column":73}},{"start":{"line":74,"column":6},"end":{"line":74,"column":8}}]},"22":{"loc":{"start":{"line":128,"column":35},"end":{"line":128,"column":94}},"type":"cond-expr","locations":[{"start":{"line":128,"column":55},"end":{"line":128,"column":89}},{"start":{"line":128,"column":92},"end":{"line":128,"column":94}}]},"23":{"loc":{"start":{"line":128,"column":97},"end":{"line":128,"column":119}},"type":"binary-expr","locations":[{"start":{"line":128,"column":97},"end":{"line":128,"column":113}},{"start":{"line":128,"column":117},"end":{"line":128,"column":119}}]},"24":{"loc":{"start":{"line":129,"column":36},"end":{"line":129,"column":59}},"type":"binary-expr","locations":[{"start":{"line":129,"column":36},"end":{"line":129,"column":53}},{"start":{"line":129,"column":57},"end":{"line":129,"column":59}}]},"25":{"loc":{"start":{"line":130,"column":37},"end":{"line":130,"column":73}},"type":"binary-expr","locations":[{"start":{"line":130,"column":37},"end":{"line":130,"column":60}},{"start":{"line":130,"column":64},"end":{"line":130,"column":73}}]},"26":{"loc":{"start":{"line":135,"column":29},"end":{"line":135,"column":51}},"type":"binary-expr","locations":[{"start":{"line":135,"column":29},"end":{"line":135,"column":45}},{"start":{"line":135,"column":49},"end":{"line":135,"column":51}}]},"27":{"loc":{"start":{"line":137,"column":29},"end":{"line":137,"column":52}},"type":"binary-expr","locations":[{"start":{"line":137,"column":29},"end":{"line":137,"column":46}},{"start":{"line":137,"column":50},"end":{"line":137,"column":52}}]},"28":{"loc":{"start":{"line":139,"column":30},"end":{"line":139,"column":59}},"type":"binary-expr","locations":[{"start":{"line":139,"column":30},"end":{"line":139,"column":53}},{"start":{"line":139,"column":57},"end":{"line":139,"column":59}}]},"29":{"loc":{"start":{"line":183,"column":2},"end":{"line":183,"column":22}},"type":"if","locations":[{"start":{"line":183,"column":2},"end":{"line":183,"column":22}},{"start":{},"end":{}}]},"30":{"loc":{"start":{"line":185,"column":4},"end":{"line":188,"column":5}},"type":"if","locations":[{"start":{"line":185,"column":4},"end":{"line":188,"column":5}},{"start":{},"end":{}}]},"31":{"loc":{"start":{"line":185,"column":8},"end":{"line":185,"column":56}},"type":"binary-expr","locations":[{"start":{"line":185,"column":8},"end":{"line":185,"column":33}},{"start":{"line":185,"column":37},"end":{"line":185,"column":56}}]},"32":{"loc":{"start":{"line":202,"column":68},"end":{"line":202,"column":105}},"type":"default-arg","locations":[{"start":{"line":202,"column":103},"end":{"line":202,"column":105}}]},"33":{"loc":{"start":{"line":202,"column":107},"end":{"line":202,"column":150}},"type":"default-arg","locations":[{"start":{"line":202,"column":132},"end":{"line":202,"column":150}}]},"34":{"loc":{"start":{"line":203,"column":16},"end":{"line":203,"column":38}},"type":"binary-expr","locations":[{"start":{"line":203,"column":16},"end":{"line":203,"column":32}},{"start":{"line":203,"column":36},"end":{"line":203,"column":38}}]},"35":{"loc":{"start":{"line":207,"column":2},"end":{"line":217,"column":3}},"type":"if","locations":[{"start":{"line":207,"column":2},"end":{"line":217,"column":3}},{"start":{},"end":{}}]},"36":{"loc":{"start":{"line":208,"column":22},"end":{"line":208,"column":80}},"type":"binary-expr","locations":[{"start":{"line":208,"column":22},"end":{"line":208,"column":74}},{"start":{"line":208,"column":78},"end":{"line":208,"column":80}}]},"37":{"loc":{"start":{"line":210,"column":19},"end":{"line":210,"column":71}},"type":"binary-expr","locations":[{"start":{"line":210,"column":19},"end":{"line":210,"column":44}},{"start":{"line":210,"column":48},"end":{"line":210,"column":65}},{"start":{"line":210,"column":69},"end":{"line":210,"column":71}}]},"38":{"loc":{"start":{"line":224,"column":23},"end":{"line":224,"column":50}},"type":"binary-expr","locations":[{"start":{"line":224,"column":23},"end":{"line":224,"column":39}},{"start":{"line":224,"column":43},"end":{"line":224,"column":50}}]},"39":{"loc":{"start":{"line":225,"column":24},"end":{"line":225,"column":50}},"type":"binary-expr","locations":[{"start":{"line":225,"column":24},"end":{"line":225,"column":41}},{"start":{"line":225,"column":45},"end":{"line":225,"column":50}}]},"40":{"loc":{"start":{"line":230,"column":4},"end":{"line":232,"column":5}},"type":"if","locations":[{"start":{"line":230,"column":4},"end":{"line":232,"column":5}},{"start":{},"end":{}}]}},"s":{"0":0,"1":0,"2":0,"3":0,"4":0,"5":0,"6":0,"7":0,"8":0,"9":0,"10":0,"11":0,"12":0,"13":0,"14":0,"15":0,"16":0,"17":0,"18":0,"19":0,"20":0,"21":0,"22":0,"23":0,"24":0,"25":0,"26":0,"27":0,"28":0,"29":0,"30":0,"31":0,"32":0,"33":0,"34":0,"35":0,"36":0,"37":0,"38":0,"39":0,"40":0,"41":0,"42":0,"43":0,"44":0,"45":0,"46":0,"47":0,"48":0,"49":0,"50":0,"51":0,"52":0,"53":0,"54":0,"55":0,"56":0,"57":0,"58":0,"59":0,"60":0,"61":0,"62":0,"63":0,"64":0,"65":0,"66":0,"67":0,"68":0,"69":0,"70":0,"71":0,"72":0,"73":0,"74":0,"75":0,"76":0,"77":0,"78":0,"79":0,"80":0,"81":0,"82":0,"83":0,"84":0,"85":0,"86":0,"87":0,"88":0,"89":0,"90":0,"91":0,"92":0,"93":0},"f":{"0":0,"1":0,"2":0,"3":0,"4":0,"5":0,"6":0,"7":0,"8":0,"9":0},"b":{"0":[0,0],"1":[0,0],"2":[0,0],"3":[0,0],"4":[0,0],"5":[0,0],"6":[0,0],"7":[0,0],"8":[0,0],"9":[0,0],"10":[0,0],"11":[0,0],"12":[0,0],"13":[0,0],"14":[0,0],"15":[0,0],"16":[0,0],"17":[0,0],"18":[0,0],"19":[0,0],"20":[0,0],"21":[0,0],"22":[0,0],"23":[0,0],"24":[0,0],"25":[0,0],"26":[0,0],"27":[0,0],"28":[0,0],"29":[0,0],"30":[0,0],"31":[0,0],"32":[0],"33":[0],"34":[0,0],"35":[0,0],"36":[0,0],"37":[0,0,0],"38":[0,0],"39":[0,0],"40":[0,0]}}
,"C:\\Users\\ovilla\\Desktop\\app_comagro_2\\src\\utils\\productLogic.ts": {"path":"C:\\Users\\ovilla\\Desktop\\app_comagro_2\\src\\utils\\productLogic.ts","statementMap":{"0":{"start":{"line":1,"column":0},"end":{"line":1,"column":44}},"1":{"start":{"line":4,"column":28},"end":{"line":33,"column":1}},"2":{"start":{"line":5,"column":2},"end":{"line":5,"column":26}},"3":{"start":{"line":5,"column":14},"end":{"line":5,"column":26}},"4":{"start":{"line":6,"column":20},"end":{"line":6,"column":25}},"5":{"start":{"line":7,"column":2},"end":{"line":31,"column":3}},"6":{"start":{"line":8,"column":15},"end":{"line":8,"column":38}},"7":{"start":{"line":9,"column":15},"end":{"line":9,"column":38}},"8":{"start":{"line":11,"column":18},"end":{"line":11,"column":58}},"9":{"start":{"line":12,"column":15},"end":{"line":12,"column":52}},"10":{"start":{"line":13,"column":17},"end":{"line":13,"column":40}},"11":{"start":{"line":15,"column":4},"end":{"line":23,"column":5}},"12":{"start":{"line":16,"column":23},"end":{"line":16,"column":46}},"13":{"start":{"line":17,"column":6},"end":{"line":22,"column":7}},"14":{"start":{"line":18,"column":8},"end":{"line":21,"column":80}},"15":{"start":{"line":18,"column":33},"end":{"line":18,"column":45}},"16":{"start":{"line":18,"column":46},"end":{"line":18,"column":67}},"17":{"start":{"line":19,"column":13},"end":{"line":21,"column":80}},"18":{"start":{"line":19,"column":39},"end":{"line":19,"column":52}},"19":{"start":{"line":19,"column":53},"end":{"line":19,"column":74}},"20":{"start":{"line":20,"column":13},"end":{"line":21,"column":80}},"21":{"start":{"line":20,"column":38},"end":{"line":20,"column":50}},"22":{"start":{"line":20,"column":51},"end":{"line":20,"column":72}},"23":{"start":{"line":21,"column":13},"end":{"line":21,"column":80}},"24":{"start":{"line":21,"column":44},"end":{"line":21,"column":56}},"25":{"start":{"line":21,"column":57},"end":{"line":21,"column":78}},"26":{"start":{"line":25,"column":4},"end":{"line":30,"column":5}},"27":{"start":{"line":26,"column":16},"end":{"line":26,"column":52}},"28":{"start":{"line":27,"column":6},"end":{"line":28,"column":58}},"29":{"start":{"line":27,"column":25},"end":{"line":27,"column":45}},"30":{"start":{"line":28,"column":11},"end":{"line":28,"column":58}},"31":{"start":{"line":28,"column":29},"end":{"line":28,"column":58}},"32":{"start":{"line":29,"column":6},"end":{"line":29,"column":17}},"33":{"start":{"line":32,"column":2},"end":{"line":32,"column":14}},"34":{"start":{"line":4,"column":13},"end":{"line":4,"column":28}},"35":{"start":{"line":35,"column":35},"end":{"line":67,"column":1}},"36":{"start":{"line":36,"column":2},"end":{"line":36,"column":59}},"37":{"start":{"line":36,"column":18},"end":{"line":36,"column":59}},"38":{"start":{"line":38,"column":35},"end":{"line":38,"column":37}},"39":{"start":{"line":39,"column":36},"end":{"line":39,"column":38}},"40":{"start":{"line":41,"column":2},"end":{"line":59,"column":12}},"41":{"start":{"line":42,"column":21},"end":{"line":42,"column":78}},"42":{"start":{"line":43,"column":24},"end":{"line":43,"column":53}},"43":{"start":{"line":45,"column":4},"end":{"line":58,"column":5}},"44":{"start":{"line":46,"column":6},"end":{"line":55,"column":53}},"45":{"start":{"line":46,"column":41},"end":{"line":46,"column":70}},"46":{"start":{"line":47,"column":23},"end":{"line":47,"column":44}},"47":{"start":{"line":48,"column":8},"end":{"line":48,"column":32}},"48":{"start":{"line":50,"column":8},"end":{"line":50,"column":44}},"49":{"start":{"line":50,"column":31},"end":{"line":50,"column":44}},"50":{"start":{"line":51,"column":8},"end":{"line":51,"column":78}},"51":{"start":{"line":53,"column":21},"end":{"line":53,"column":65}},"52":{"start":{"line":54,"column":8},"end":{"line":54,"column":30}},"53":{"start":{"line":55,"column":24},"end":{"line":55,"column":39}},"54":{"start":{"line":57,"column":6},"end":{"line":57,"column":84}},"55":{"start":{"line":57,"column":41},"end":{"line":57,"column":70}},"56":{"start":{"line":61,"column":2},"end":{"line":64,"column":12}},"57":{"start":{"line":62,"column":22},"end":{"line":62,"column":72}},"58":{"start":{"line":63,"column":4},"end":{"line":63,"column":85}},"59":{"start":{"line":63,"column":41},"end":{"line":63,"column":70}},"60":{"start":{"line":66,"column":2},"end":{"line":66,"column":35}},"61":{"start":{"line":35,"column":13},"end":{"line":35,"column":35}}},"fnMap":{"0":{"name":"(anonymous_0)","decl":{"start":{"line":4,"column":28},"end":{"line":4,"column":29}},"loc":{"start":{"line":4,"column":85},"end":{"line":33,"column":1}}},"1":{"name":"(anonymous_1)","decl":{"start":{"line":35,"column":35},"end":{"line":35,"column":40}},"loc":{"start":{"line":35,"column":77},"end":{"line":67,"column":1}}},"2":{"name":"(anonymous_2)","decl":{"start":{"line":46,"column":34},"end":{"line":46,"column":35}},"loc":{"start":{"line":46,"column":41},"end":{"line":46,"column":70}}},"3":{"name":"(anonymous_3)","decl":{"start":{"line":46,"column":76},"end":{"line":46,"column":77}},"loc":{"start":{"line":46,"column":82},"end":{"line":49,"column":7}}},"4":{"name":"(anonymous_4)","decl":{"start":{"line":49,"column":16},"end":{"line":49,"column":17}},"loc":{"start":{"line":49,"column":22},"end":{"line":52,"column":7}}},"5":{"name":"(anonymous_5)","decl":{"start":{"line":52,"column":13},"end":{"line":52,"column":14}},"loc":{"start":{"line":52,"column":19},"end":{"line":55,"column":7}}},"6":{"name":"(anonymous_6)","decl":{"start":{"line":55,"column":14},"end":{"line":55,"column":15}},"loc":{"start":{"line":55,"column":24},"end":{"line":55,"column":39}}},"7":{"name":"(anonymous_7)","decl":{"start":{"line":57,"column":34},"end":{"line":57,"column":35}},"loc":{"start":{"line":57,"column":41},"end":{"line":57,"column":70}}},"8":{"name":"(anonymous_8)","decl":{"start":{"line":63,"column":34},"end":{"line":63,"column":35}},"loc":{"start":{"line":63,"column":41},"end":{"line":63,"column":70}}}},"branchMap":{"0":{"loc":{"start":{"line":5,"column":2},"end":{"line":5,"column":26}},"type":"if","locations":[{"start":{"line":5,"column":2},"end":{"line":5,"column":26}},{"start":{},"end":{}}]},"1":{"loc":{"start":{"line":12,"column":15},"end":{"line":12,"column":52}},"type":"cond-expr","locations":[{"start":{"line":12,"column":23},"end":{"line":12,"column":45}},{"start":{"line":12,"column":48},"end":{"line":12,"column":52}}]},"2":{"loc":{"start":{"line":13,"column":17},"end":{"line":13,"column":40}},"type":"cond-expr","locations":[{"start":{"line":13,"column":25},"end":{"line":13,"column":33}},{"start":{"line":13,"column":36},"end":{"line":13,"column":40}}]},"3":{"loc":{"start":{"line":15,"column":4},"end":{"line":23,"column":5}},"type":"if","locations":[{"start":{"line":15,"column":4},"end":{"line":23,"column":5}},{"start":{},"end":{}}]},"4":{"loc":{"start":{"line":17,"column":6},"end":{"line":22,"column":7}},"type":"if","locations":[{"start":{"line":17,"column":6},"end":{"line":22,"column":7}},{"start":{},"end":{}}]},"5":{"loc":{"start":{"line":18,"column":8},"end":{"line":21,"column":80}},"type":"if","locations":[{"start":{"line":18,"column":8},"end":{"line":21,"column":80}},{"start":{"line":19,"column":13},"end":{"line":21,"column":80}}]},"6":{"loc":{"start":{"line":19,"column":13},"end":{"line":21,"column":80}},"type":"if","locations":[{"start":{"line":19,"column":13},"end":{"line":21,"column":80}},{"start":{"line":20,"column":13},"end":{"line":21,"column":80}}]},"7":{"loc":{"start":{"line":20,"column":13},"end":{"line":21,"column":80}},"type":"if","locations":[{"start":{"line":20,"column":13},"end":{"line":21,"column":80}},{"start":{"line":21,"column":13},"end":{"line":21,"column":80}}]},"8":{"loc":{"start":{"line":21,"column":13},"end":{"line":21,"column":80}},"type":"if","locations":[{"start":{"line":21,"column":13},"end":{"line":21,"column":80}},{"start":{},"end":{}}]},"9":{"loc":{"start":{"line":25,"column":4},"end":{"line":30,"column":5}},"type":"if","locations":[{"start":{"line":25,"column":4},"end":{"line":30,"column":5}},{"start":{},"end":{}}]},"10":{"loc":{"start":{"line":25,"column":8},"end":{"line":25,"column":22}},"type":"binary-expr","locations":[{"start":{"line":25,"column":8},"end":{"line":25,"column":12}},{"start":{"line":25,"column":16},"end":{"line":25,"column":22}}]},"11":{"loc":{"start":{"line":27,"column":6},"end":{"line":28,"column":58}},"type":"if","locations":[{"start":{"line":27,"column":6},"end":{"line":28,"column":58}},{"start":{"line":28,"column":11},"end":{"line":28,"column":58}}]},"12":{"loc":{"start":{"line":28,"column":11},"end":{"line":28,"column":58}},"type":"if","locations":[{"start":{"line":28,"column":11},"end":{"line":28,"column":58}},{"start":{},"end":{}}]},"13":{"loc":{"start":{"line":36,"column":2},"end":{"line":36,"column":59}},"type":"if","locations":[{"start":{"line":36,"column":2},"end":{"line":36,"column":59}},{"start":{},"end":{}}]},"14":{"loc":{"start":{"line":45,"column":4},"end":{"line":58,"column":5}},"type":"if","locations":[{"start":{"line":45,"column":4},"end":{"line":58,"column":5}},{"start":{"line":56,"column":11},"end":{"line":58,"column":5}}]},"15":{"loc":{"start":{"line":50,"column":8},"end":{"line":50,"column":44}},"type":"if","locations":[{"start":{"line":50,"column":8},"end":{"line":50,"column":44}},{"start":{},"end":{}}]},"16":{"loc":{"start":{"line":51,"column":15},"end":{"line":51,"column":77}},"type":"binary-expr","locations":[{"start":{"line":51,"column":15},"end":{"line":51,"column":44}},{"start":{"line":51,"column":48},"end":{"line":51,"column":77}}]}},"s":{"0":1,"1":1,"2":8,"3":1,"4":7,"5":7,"6":8,"7":8,"8":8,"9":8,"10":8,"11":8,"12":3,"13":3,"14":1,"15":0,"16":0,"17":1,"18":0,"19":0,"20":1,"21":0,"22":0,"23":1,"24":1,"25":1,"26":8,"27":6,"28":6,"29":2,"30":4,"31":1,"32":6,"33":1,"34":1,"35":1,"36":0,"37":0,"38":0,"39":0,"40":0,"41":0,"42":0,"43":0,"44":0,"45":0,"46":0,"47":0,"48":0,"49":0,"50":0,"51":0,"52":0,"53":0,"54":0,"55":0,"56":0,"57":0,"58":0,"59":0,"60":0,"61":1},"f":{"0":8,"1":0,"2":0,"3":0,"4":0,"5":0,"6":0,"7":0,"8":0},"b":{"0":[1,7],"1":[5,3],"2":[5,3],"3":[3,5],"4":[1,2],"5":[0,1],"6":[0,1],"7":[0,1],"8":[1,0],"9":[6,2],"10":[8,6],"11":[2,4],"12":[1,3],"13":[0,0],"14":[0,0],"15":[0,0],"16":[0,0]}}
,"C:\\Users\\ovilla\\Desktop\\app_comagro_2\\src\\utils\\pushNotifications.ts": {"path":"C:\\Users\\ovilla\\Desktop\\app_comagro_2\\src\\utils\\pushNotifications.ts","statementMap":{"0":{"start":{"line":15,"column":0},"end":{"line":15,"column":7}},"1":{"start":{"line":1,"column":0},"end":{"line":1,"column":38}},"2":{"start":{"line":2,"column":0},"end":{"line":2,"column":52}},"3":{"start":{"line":3,"column":0},"end":{"line":3,"column":39}},"4":{"start":{"line":4,"column":0},"end":{"line":4,"column":40}},"5":{"start":{"line":6,"column":0},"end":{"line":13,"column":3}},"6":{"start":{"line":8,"column":35},"end":{"line":12,"column":null}},"7":{"start":{"line":18,"column":2},"end":{"line":25,"column":3}},"8":{"start":{"line":19,"column":4},"end":{"line":24,"column":7}},"9":{"start":{"line":27,"column":2},"end":{"line":47,"column":3}},"10":{"start":{"line":28,"column":39},"end":{"line":28,"column":80}},"11":{"start":{"line":29,"column":22},"end":{"line":29,"column":36}},"12":{"start":{"line":30,"column":4},"end":{"line":33,"column":5}},"13":{"start":{"line":31,"column":25},"end":{"line":31,"column":70}},"14":{"start":{"line":32,"column":6},"end":{"line":32,"column":27}},"15":{"start":{"line":34,"column":4},"end":{"line":36,"column":5}},"16":{"start":{"line":35,"column":6},"end":{"line":35,"column":18}},"17":{"start":{"line":38,"column":22},"end":{"line":38,"column":141}},"18":{"start":{"line":40,"column":4},"end":{"line":46,"column":5}},"19":{"start":{"line":41,"column":6},"end":{"line":43,"column":15}},"20":{"start":{"line":49,"column":2},"end":{"line":49,"column":15}}},"fnMap":{"0":{"name":"(anonymous_10)","decl":{"start":{"line":8,"column":22},"end":{"line":8,"column":27}},"loc":{"start":{"line":8,"column":35},"end":{"line":12,"column":null}}},"1":{"name":"registerForPushNotificationsAsync","decl":{"start":{"line":15,"column":22},"end":{"line":15,"column":55}},"loc":{"start":{"line":15,"column":55},"end":{"line":50,"column":1}}}},"branchMap":{"0":{"loc":{"start":{"line":18,"column":2},"end":{"line":25,"column":3}},"type":"if","locations":[{"start":{"line":18,"column":2},"end":{"line":25,"column":3}},{"start":{},"end":{}}]},"1":{"loc":{"start":{"line":27,"column":2},"end":{"line":47,"column":3}},"type":"if","locations":[{"start":{"line":27,"column":2},"end":{"line":47,"column":3}},{"start":{},"end":{}}]},"2":{"loc":{"start":{"line":30,"column":4},"end":{"line":33,"column":5}},"type":"if","locations":[{"start":{"line":30,"column":4},"end":{"line":33,"column":5}},{"start":{},"end":{}}]},"3":{"loc":{"start":{"line":34,"column":4},"end":{"line":36,"column":5}},"type":"if","locations":[{"start":{"line":34,"column":4},"end":{"line":36,"column":5}},{"start":{},"end":{}}]},"4":{"loc":{"start":{"line":38,"column":22},"end":{"line":38,"column":141}},"type":"binary-expr","locations":[{"start":{"line":38,"column":22},"end":{"line":38,"column":65}},{"start":{"line":38,"column":69},"end":{"line":38,"column":99}},{"start":{"line":38,"column":103},"end":{"line":38,"column":141}}]}},"s":{"0":0,"1":0,"2":0,"3":0,"4":0,"5":0,"6":0,"7":0,"8":0,"9":0,"10":0,"11":0,"12":0,"13":0,"14":0,"15":0,"16":0,"17":0,"18":0,"19":0,"20":0},"f":{"0":0,"1":0},"b":{"0":[0,0],"1":[0,0],"2":[0,0],"3":[0,0],"4":[0,0,0]}}
}
