TN:
SF:src\hooks\useAiData.ts
FN:8,useAiData
FN:12,(anonymous_1)
FNF:2
FNH:0
FNDA:0,useAiData
FNDA:0,(anonymous_1)
DA:1,0
DA:2,0
DA:4,0
DA:5,0
DA:6,0
DA:8,0
DA:9,0
DA:10,0
DA:12,0
DA:13,0
DA:14,0
DA:15,0
DA:18,0
DA:19,0
DA:20,0
DA:23,0
DA:24,0
DA:25,0
DA:26,0
DA:28,0
DA:30,0
DA:34,0
LF:22
LH:0
BRDA:13,0,0,0
BRDA:13,0,1,0
BRDA:18,1,0,0
BRDA:18,1,1,0
BRDA:18,2,0,0
BRDA:18,2,1,0
BRDA:26,3,0,0
BRDA:26,3,1,0
BRF:8
BRH:0
end_of_record
TN:
SF:src\hooks\useOTAUpdate.ts
FN:9,useOTAUpdate
FN:19,checkUpdate
FN:62,startDownloadUpdate
FN:106,(anonymous_13)
FN:176,installUpdate
FNF:5
FNH:0
FNDA:0,useOTAUpdate
FNDA:0,checkUpdate
FNDA:0,startDownloadUpdate
FNDA:0,(anonymous_13)
FNDA:0,installUpdate
DA:1,0
DA:2,0
DA:3,0
DA:4,0
DA:5,0
DA:6,0
DA:7,0
DA:9,0
DA:10,0
DA:11,0
DA:12,0
DA:13,0
DA:14,0
DA:15,0
DA:16,0
DA:17,0
DA:20,0
DA:21,0
DA:22,0
DA:23,0
DA:24,0
DA:25,0
DA:28,0
DA:35,0
DA:36,0
DA:39,0
DA:40,0
DA:41,0
DA:42,0
DA:43,0
DA:45,0
DA:46,0
DA:48,0
DA:51,0
DA:54,0
DA:57,0
DA:58,0
DA:63,0
DA:64,0
DA:65,0
DA:68,0
DA:69,0
DA:70,0
DA:71,0
DA:72,0
DA:73,0
DA:74,0
DA:77,0
DA:81,0
DA:82,0
DA:83,0
DA:84,0
DA:87,0
DA:88,0
DA:89,0
DA:91,0
DA:92,0
DA:93,0
DA:101,0
DA:102,0
DA:107,0
DA:108,0
DA:109,0
DA:110,0
DA:114,0
DA:118,0
DA:119,0
DA:121,0
DA:124,0
DA:125,0
DA:126,0
DA:127,0
DA:128,0
DA:131,0
DA:132,0
DA:134,0
DA:135,0
DA:136,0
DA:138,0
DA:139,0
DA:141,0
DA:144,0
DA:145,0
DA:146,0
DA:148,0
DA:149,0
DA:150,0
DA:151,0
DA:152,0
DA:155,0
DA:156,0
DA:159,0
DA:160,0
DA:161,0
DA:163,0
DA:167,0
DA:168,0
DA:172,0
DA:177,0
DA:178,0
DA:180,0
DA:181,0
DA:183,0
DA:184,0
DA:187,0
DA:193,0
DA:194,0
DA:198,0
LF:108
LH:0
BRDA:19,0,0,0
BRDA:23,1,0,0
BRDA:23,1,1,0
BRDA:35,2,0,0
BRDA:35,2,1,0
BRDA:35,3,0,0
BRDA:35,3,1,0
BRDA:36,4,0,0
BRDA:36,4,1,0
BRDA:38,5,0,0
BRDA:38,5,1,0
BRDA:39,6,0,0
BRDA:39,6,1,0
BRDA:40,7,0,0
BRDA:40,7,1,0
BRDA:42,8,0,0
BRDA:42,8,1,0
BRDA:43,9,0,0
BRDA:43,9,1,0
BRDA:45,10,0,0
BRDA:45,10,1,0
BRDA:63,11,0,0
BRDA:63,11,1,0
BRDA:64,12,0,0
BRDA:64,12,1,0
BRDA:65,13,0,0
BRDA:65,13,1,0
BRDA:68,14,0,0
BRDA:68,14,1,0
BRDA:71,15,0,0
BRDA:71,15,1,0
BRDA:71,16,0,0
BRDA:71,16,1,0
BRDA:73,17,0,0
BRDA:73,17,1,0
BRDA:74,18,0,0
BRDA:74,18,1,0
BRDA:81,19,0,0
BRDA:81,19,1,0
BRDA:107,20,0,0
BRDA:107,20,1,0
BRDA:108,21,0,0
BRDA:108,21,1,0
BRDA:109,22,0,0
BRDA:109,22,1,0
BRDA:114,23,0,0
BRDA:114,23,1,0
BRDA:121,24,0,0
BRDA:121,24,1,0
BRDA:124,25,0,0
BRDA:124,25,1,0
BRDA:124,26,0,0
BRDA:124,26,1,0
BRDA:124,26,2,0
BRDA:125,27,0,0
BRDA:125,27,1,0
BRDA:126,28,0,0
BRDA:126,28,1,0
BRDA:126,28,2,0
BRDA:127,29,0,0
BRDA:127,29,1,0
BRDA:134,30,0,0
BRDA:134,30,1,0
BRDA:136,31,0,0
BRDA:136,31,1,0
BRDA:141,32,0,0
BRDA:141,32,1,0
BRDA:144,33,0,0
BRDA:144,33,1,0
BRDA:148,34,0,0
BRDA:148,34,1,0
BRDA:150,35,0,0
BRDA:150,35,1,0
BRDA:163,36,0,0
BRDA:163,36,1,0
BRDA:170,37,0,0
BRDA:170,37,1,0
BRDA:177,38,0,0
BRDA:177,38,1,0
BRDA:183,39,0,0
BRDA:183,39,1,0
BRF:81
BRH:0
end_of_record
TN:
SF:src\hooks\useProducts.ts
FN:12,useProducts
FN:23,(anonymous_2)
FN:28,cargarLogoRefreshKey
FN:36,(anonymous_4)
FN:47,inicializar
FN:85,sincronizarFondo
FN:98,(anonymous_7)
FN:102,getProductBySkuSafe
FN:110,onRefresh
FNF:9
FNH:0
FNDA:0,useProducts
FNDA:0,(anonymous_2)
FNDA:0,cargarLogoRefreshKey
FNDA:0,(anonymous_4)
FNDA:0,inicializar
FNDA:0,sincronizarFondo
FNDA:0,(anonymous_7)
FNDA:0,getProductBySkuSafe
FNDA:0,onRefresh
DA:1,0
DA:2,0
DA:3,0
DA:4,0
DA:5,0
DA:6,0
DA:9,0
DA:10,0
DA:12,0
DA:13,0
DA:14,0
DA:15,0
DA:16,0
DA:17,0
DA:18,0
DA:19,0
DA:20,0
DA:21,0
DA:23,0
DA:24,0
DA:25,0
DA:29,0
DA:30,0
DA:31,0
DA:36,0
DA:37,0
DA:38,0
DA:39,0
DA:40,0
DA:41,0
DA:43,0
DA:48,0
DA:49,0
DA:50,0
DA:51,0
DA:53,0
DA:54,0
DA:58,0
DA:59,0
DA:60,0
DA:61,0
DA:64,0
DA:65,0
DA:66,0
DA:69,0
DA:70,0
DA:73,0
DA:74,0
DA:75,0
DA:78,0
DA:80,0
DA:81,0
DA:86,0
DA:87,0
DA:89,0
DA:90,0
DA:93,0
DA:95,0
DA:96,0
DA:97,0
DA:98,0
DA:103,0
DA:104,0
DA:106,0
DA:111,0
DA:112,0
DA:113,0
DA:115,0
DA:116,0
DA:117,0
DA:118,0
DA:119,0
DA:121,0
DA:123,0
DA:127,0
LF:75
LH:0
BRDA:31,0,0,0
BRDA:31,0,1,0
BRDA:70,1,0,0
BRDA:70,1,1,0
BRDA:73,2,0,0
BRDA:73,2,1,0
BRDA:73,3,0,0
BRDA:73,3,1,0
BRDA:89,4,0,0
BRDA:89,4,1,0
BRDA:111,5,0,0
BRDA:111,5,1,0
BRF:12
BRH:0
end_of_record
TN:
SF:src\services\catalogService.ts
FN:27,getAccessToken
FN:44,syncCatalog
FN:88,(anonymous_3)
FN:104,fetchAiPitch
FN:115,(anonymous_5)
FN:116,(anonymous_6)
FNF:6
FNH:2
FNDA:0,getAccessToken
FNDA:0,syncCatalog
FNDA:0,(anonymous_3)
FNDA:2,fetchAiPitch
FNDA:1,(anonymous_5)
FNDA:0,(anonymous_6)
DA:7,1
DA:8,1
DA:10,1
DA:28,0
DA:29,0
DA:31,0
DA:32,0
DA:44,1
DA:48,0
DA:50,0
DA:54,0
DA:56,0
DA:57,0
DA:58,0
DA:59,0
DA:61,0
DA:62,0
DA:63,0
DA:64,0
DA:66,0
DA:67,0
DA:69,0
DA:71,0
DA:73,0
DA:74,0
DA:75,0
DA:76,0
DA:77,0
DA:79,0
DA:84,0
DA:85,0
DA:86,0
DA:87,0
DA:88,0
DA:89,0
DA:92,0
DA:97,1
DA:98,1
DA:104,1
DA:106,2
DA:107,2
DA:108,2
DA:109,1
DA:110,1
DA:115,1
DA:116,1
DA:119,1
DA:124,1
DA:126,0
DA:127,0
DA:128,0
DA:129,0
DA:130,0
DA:133,0
DA:136,1
LF:55
LH:17
BRDA:29,0,0,0
BRDA:29,0,1,0
BRDA:32,1,0,0
BRDA:32,1,1,0
BRDA:54,2,0,0
BRDA:54,2,1,0
BRDA:67,3,0,0
BRDA:67,3,1,0
BRDA:71,4,0,0
BRDA:71,4,1,0
BRDA:71,5,0,0
BRDA:71,5,1,0
BRDA:73,6,0,0
BRDA:73,6,1,0
BRDA:85,7,0,0
BRDA:85,7,1,0
BRDA:85,8,0,0
BRDA:85,8,1,0
BRDA:108,9,0,1
BRDA:108,9,1,1
BRDA:110,10,0,1
BRDA:110,10,1,0
BRDA:124,11,0,0
BRDA:124,11,1,1
BRDA:128,12,0,0
BRDA:128,12,1,0
BRF:26
BRH:4
end_of_record
TN:
SF:src\utils\PumpCalculations.ts
FN:6,normalizeCaudal
FN:20,normalizeMca
FN:33,calcSuperficie
FN:61,calcPozo
FN:75,calcDrenaje
FNF:5
FNH:5
FNDA:6,normalizeCaudal
FNDA:5,normalizeMca
FNDA:2,calcSuperficie
FNDA:1,calcPozo
FNDA:1,calcDrenaje
DA:6,1
DA:7,6
DA:8,4
DA:9,4
DA:10,4
DA:11,4
DA:12,3
DA:13,2
DA:14,1
DA:20,1
DA:21,5
DA:22,4
DA:23,4
DA:24,4
DA:25,4
DA:26,3
DA:27,2
DA:33,1
DA:34,2
DA:35,2
DA:37,2
DA:39,1
DA:41,1
DA:42,1
DA:43,1
DA:44,0
DA:45,1
DA:47,1
DA:48,1
DA:51,1
DA:52,1
DA:55,2
DA:61,1
DA:63,1
DA:64,1
DA:66,1
DA:67,1
DA:69,1
DA:75,1
DA:77,1
DA:78,1
DA:79,1
DA:82,1
DA:84,1
LF:44
LH:43
BRDA:7,0,0,2
BRDA:7,0,1,4
BRDA:10,1,0,4
BRDA:10,1,1,0
BRDA:11,2,0,1
BRDA:11,2,1,3
BRDA:12,3,0,1
BRDA:12,3,1,2
BRDA:13,4,0,1
BRDA:13,4,1,1
BRDA:21,5,0,1
BRDA:21,5,1,4
BRDA:24,6,0,4
BRDA:24,6,1,0
BRDA:25,7,0,1
BRDA:25,7,1,3
BRDA:26,8,0,1
BRDA:26,8,1,2
BRDA:37,9,0,1
BRDA:37,9,1,1
BRDA:39,10,0,1
BRDA:39,10,1,0
BRDA:39,11,0,1
BRDA:39,11,1,0
BRDA:41,12,0,1
BRDA:41,12,1,0
BRDA:42,13,0,1
BRDA:42,13,1,0
BRDA:43,14,0,1
BRDA:43,14,1,0
BRDA:43,15,0,1
BRDA:43,15,1,1
BRDA:44,16,0,0
BRDA:44,16,1,0
BRDA:45,17,0,1
BRDA:45,17,1,0
BRDA:47,18,0,1
BRDA:47,18,1,0
BRDA:48,19,0,1
BRDA:48,19,1,0
BRDA:51,20,0,1
BRDA:51,20,1,0
BRDA:52,21,0,1
BRDA:52,21,1,0
BRDA:63,22,0,1
BRDA:63,22,1,0
BRDA:64,23,0,1
BRDA:64,23,1,0
BRDA:66,24,0,1
BRDA:66,24,1,0
BRDA:67,25,0,1
BRDA:67,25,1,0
BRDA:77,26,0,1
BRDA:77,26,1,0
BRDA:78,27,0,1
BRDA:78,27,1,0
BRDA:79,28,0,1
BRDA:79,28,1,0
BRDA:79,29,0,1
BRDA:79,29,1,0
BRF:60
BRH:38
end_of_record
TN:
SF:src\utils\database.ts
FN:23,getDB
FN:30,initDB
FN:75,(anonymous_12)
FN:76,(anonymous_13)
FN:77,(anonymous_14)
FN:118,clearProducts
FN:123,insertProductsBatch
FN:126,(anonymous_17)
FN:164,(anonymous_18)
FN:175,(anonymous_19)
FN:181,searchProducts
FN:191,(anonymous_21)
FN:194,(anonymous_22)
FN:207,(anonymous_23)
FN:234,(anonymous_24)
FN:245,getUniqueBrands
FN:248,(anonymous_26)
FN:251,getProductsBySubcategory
FN:258,(anonymous_28)
FN:269,getProductBySku
FN:284,fetchMissingProductFromCloud
FN:298,(anonymous_31)
FN:312,getAllProducts
FN:315,(anonymous_33)
FNF:24
FNH:0
FNDA:0,getDB
FNDA:0,initDB
FNDA:0,(anonymous_12)
FNDA:0,(anonymous_13)
FNDA:0,(anonymous_14)
FNDA:0,clearProducts
FNDA:0,insertProductsBatch
FNDA:0,(anonymous_17)
FNDA:0,(anonymous_18)
FNDA:0,(anonymous_19)
FNDA:0,searchProducts
FNDA:0,(anonymous_21)
FNDA:0,(anonymous_22)
FNDA:0,(anonymous_23)
FNDA:0,(anonymous_24)
FNDA:0,getUniqueBrands
FNDA:0,(anonymous_26)
FNDA:0,getProductsBySubcategory
FNDA:0,(anonymous_28)
FNDA:0,getProductBySku
FNDA:0,fetchMissingProductFromCloud
FNDA:0,(anonymous_31)
FNDA:0,getAllProducts
FNDA:0,(anonymous_33)
DA:1,0
DA:2,0
DA:3,0
DA:6,0
DA:21,0
DA:24,0
DA:25,0
DA:27,0
DA:30,0
DA:31,0
DA:34,0
DA:73,0
DA:74,0
DA:75,0
DA:76,0
DA:77,0
DA:79,0
DA:81,0
DA:82,0
DA:83,0
DA:85,0
DA:99,0
DA:100,0
DA:102,0
DA:103,0
DA:109,0
DA:110,0
DA:112,0
DA:115,0
DA:118,0
DA:119,0
DA:120,0
DA:123,0
DA:124,0
DA:126,0
DA:127,0
DA:128,0
DA:131,0
DA:132,0
DA:133,0
DA:134,0
DA:136,0
DA:137,0
DA:138,0
DA:139,0
DA:140,0
DA:142,0
DA:143,0
DA:149,0
DA:153,0
DA:154,0
DA:155,0
DA:156,0
DA:157,0
DA:158,0
DA:163,0
DA:164,0
DA:165,0
DA:167,0
DA:173,0
DA:174,0
DA:175,0
DA:181,0
DA:182,0
DA:184,0
DA:185,0
DA:186,0
DA:187,0
DA:189,0
DA:190,0
DA:191,0
DA:192,0
DA:194,0
DA:198,0
DA:199,0
DA:200,0
DA:203,0
DA:204,0
DA:205,0
DA:206,0
DA:207,0
DA:209,0
DA:210,0
DA:213,0
DA:214,0
DA:215,0
DA:219,0
DA:221,0
DA:222,0
DA:225,0
DA:226,0
DA:227,0
DA:230,0
DA:232,0
DA:234,0
DA:245,0
DA:246,0
DA:247,0
DA:248,0
DA:251,0
DA:252,0
DA:253,0
DA:254,0
DA:255,0
DA:257,0
DA:258,0
DA:269,0
DA:270,0
DA:271,0
DA:272,0
DA:273,0
DA:284,0
DA:285,0
DA:286,0
DA:287,0
DA:289,0
DA:290,0
DA:292,0
DA:293,0
DA:294,0
DA:297,0
DA:298,0
DA:299,0
DA:301,0
DA:302,0
DA:304,0
DA:305,0
DA:307,0
DA:308,0
DA:312,0
DA:313,0
DA:314,0
DA:315,0
LF:133
LH:0
BRDA:24,0,0,0
BRDA:24,0,1,0
BRDA:74,1,0,0
BRDA:74,1,1,0
BRDA:79,2,0,0
BRDA:79,2,1,0
BRDA:99,3,0,0
BRDA:99,3,1,0
BRDA:102,4,0,0
BRDA:102,4,1,0
BRDA:123,5,0,0
BRDA:127,6,0,0
BRDA:127,6,1,0
BRDA:133,7,0,0
BRDA:133,7,1,0
BRDA:134,8,0,0
BRDA:134,8,1,0
BRDA:137,9,0,0
BRDA:137,9,1,0
BRDA:137,9,2,0
BRDA:137,9,3,0
BRDA:138,10,0,0
BRDA:138,10,1,0
BRDA:138,10,2,0
BRDA:139,11,0,0
BRDA:139,11,1,0
BRDA:139,11,2,0
BRDA:140,12,0,0
BRDA:140,12,1,0
BRDA:140,12,2,0
BRDA:154,13,0,0
BRDA:154,13,1,0
BRDA:154,14,0,0
BRDA:154,14,1,0
BRDA:157,15,0,0
BRDA:157,15,1,0
BRDA:157,16,0,0
BRDA:157,16,1,0
BRDA:157,16,2,0
BRDA:165,17,0,0
BRDA:165,17,1,0
BRDA:174,18,0,0
BRDA:174,18,1,0
BRDA:189,19,0,0
BRDA:189,19,1,0
BRDA:189,20,0,0
BRDA:189,20,1,0
BRDA:192,21,0,0
BRDA:192,21,1,0
BRDA:198,22,0,0
BRDA:198,22,1,0
BRDA:203,23,0,0
BRDA:203,23,1,0
BRDA:205,24,0,0
BRDA:205,24,1,0
BRDA:209,25,0,0
BRDA:209,25,1,0
BRDA:214,26,0,0
BRDA:214,26,1,0
BRDA:219,27,0,0
BRDA:219,27,1,0
BRDA:219,28,0,0
BRDA:219,28,1,0
BRDA:219,28,2,0
BRDA:221,29,0,0
BRDA:221,29,1,0
BRDA:225,30,0,0
BRDA:225,30,1,0
BRDA:225,31,0,0
BRDA:225,31,1,0
BRDA:225,31,2,0
BRDA:225,31,3,0
BRDA:226,32,0,0
BRDA:226,32,1,0
BRDA:230,33,0,0
BRDA:230,33,1,0
BRDA:240,34,0,0
BRDA:240,34,1,0
BRDA:241,35,0,0
BRDA:241,35,1,0
BRDA:251,36,0,0
BRDA:254,37,0,0
BRDA:254,37,1,0
BRDA:264,38,0,0
BRDA:264,38,1,0
BRDA:265,39,0,0
BRDA:265,39,1,0
BRDA:272,40,0,0
BRDA:272,40,1,0
BRDA:279,41,0,0
BRDA:279,41,1,0
BRDA:280,42,0,0
BRDA:280,42,1,0
BRDA:290,43,0,0
BRDA:290,43,1,0
BRDA:293,44,0,0
BRDA:293,44,1,0
BRDA:297,45,0,0
BRDA:297,45,1,0
BRDA:298,46,0,0
BRDA:298,46,1,0
BRDA:299,47,0,0
BRDA:299,47,1,0
BRDA:302,48,0,0
BRDA:302,48,1,0
BRDA:321,49,0,0
BRDA:321,49,1,0
BRDA:322,50,0,0
BRDA:322,50,1,0
BRF:109
BRH:0
end_of_record
TN:
SF:src\utils\pdfService.ts
FN:17,generarHtmlFicha
FN:182,fetchImageBase64
FN:191,(anonymous_11)
FN:193,(anonymous_12)
FN:202,generateAndSharePdf
FN:212,(anonymous_14)
FN:212,(anonymous_15)
FN:212,(anonymous_16)
FN:214,(anonymous_17)
FN:215,(anonymous_18)
FNF:10
FNH:0
FNDA:0,generarHtmlFicha
FNDA:0,fetchImageBase64
FNDA:0,(anonymous_11)
FNDA:0,(anonymous_12)
FNDA:0,generateAndSharePdf
FNDA:0,(anonymous_14)
FNDA:0,(anonymous_15)
FNDA:0,(anonymous_16)
FNDA:0,(anonymous_17)
FNDA:0,(anonymous_18)
DA:1,0
DA:2,0
DA:3,0
DA:7,0
DA:8,0
DA:9,0
DA:10,0
DA:11,0
DA:12,0
DA:13,0
DA:14,0
DA:15,0
DA:17,0
DA:18,0
DA:20,0
DA:21,0
DA:22,0
DA:24,0
DA:25,0
DA:26,0
DA:30,0
DA:31,0
DA:32,0
DA:33,0
DA:34,0
DA:36,0
DA:37,0
DA:38,0
DA:39,0
DA:40,0
DA:41,0
DA:42,0
DA:43,0
DA:44,0
DA:45,0
DA:48,0
DA:49,0
DA:50,0
DA:51,0
DA:52,0
DA:53,0
DA:59,0
DA:60,0
DA:61,0
DA:67,0
DA:71,0
DA:76,0
DA:182,0
DA:183,0
DA:184,0
DA:185,0
DA:186,0
DA:187,0
DA:189,0
DA:190,0
DA:191,0
DA:192,0
DA:193,0
DA:194,0
DA:198,0
DA:202,0
DA:203,0
DA:204,0
DA:205,0
DA:207,0
DA:208,0
DA:209,0
DA:210,0
DA:212,0
DA:213,0
DA:214,0
DA:215,0
DA:219,0
DA:220,0
DA:222,0
DA:223,0
DA:224,0
DA:225,0
DA:226,0
DA:227,0
DA:229,0
DA:230,0
DA:231,0
DA:233,0
DA:234,0
DA:239,0
LF:86
LH:0
BRDA:20,0,0,0
BRDA:20,0,1,0
BRDA:20,1,0,0
BRDA:20,1,1,0
BRDA:21,2,0,0
BRDA:21,2,1,0
BRDA:21,3,0,0
BRDA:21,3,1,0
BRDA:22,4,0,0
BRDA:22,4,1,0
BRDA:22,5,0,0
BRDA:22,5,1,0
BRDA:24,6,0,0
BRDA:24,6,1,0
BRDA:30,7,0,0
BRDA:30,7,1,0
BRDA:38,8,0,0
BRDA:38,8,1,0
BRDA:38,9,0,0
BRDA:38,9,1,0
BRDA:39,10,0,0
BRDA:39,10,1,0
BRDA:39,11,0,0
BRDA:39,11,1,0
BRDA:40,12,0,0
BRDA:40,12,1,0
BRDA:40,13,0,0
BRDA:40,13,1,0
BRDA:41,14,0,0
BRDA:41,14,1,0
BRDA:49,15,0,0
BRDA:49,15,1,0
BRDA:51,16,0,0
BRDA:51,16,1,0
BRDA:52,17,0,0
BRDA:52,17,1,0
BRDA:55,18,0,0
BRDA:55,18,1,0
BRDA:60,19,0,0
BRDA:60,19,1,0
BRDA:67,20,0,0
BRDA:67,20,1,0
BRDA:71,21,0,0
BRDA:71,21,1,0
BRDA:128,22,0,0
BRDA:128,22,1,0
BRDA:128,23,0,0
BRDA:128,23,1,0
BRDA:129,24,0,0
BRDA:129,24,1,0
BRDA:130,25,0,0
BRDA:130,25,1,0
BRDA:135,26,0,0
BRDA:135,26,1,0
BRDA:137,27,0,0
BRDA:137,27,1,0
BRDA:139,28,0,0
BRDA:139,28,1,0
BRDA:183,29,0,0
BRDA:183,29,1,0
BRDA:185,30,0,0
BRDA:185,30,1,0
BRDA:185,31,0,0
BRDA:185,31,1,0
BRDA:202,32,0,0
BRDA:202,33,0,0
BRDA:203,34,0,0
BRDA:203,34,1,0
BRDA:207,35,0,0
BRDA:207,35,1,0
BRDA:208,36,0,0
BRDA:208,36,1,0
BRDA:210,37,0,0
BRDA:210,37,1,0
BRDA:210,37,2,0
BRDA:224,38,0,0
BRDA:224,38,1,0
BRDA:225,39,0,0
BRDA:225,39,1,0
BRDA:230,40,0,0
BRDA:230,40,1,0
BRF:81
BRH:0
end_of_record
TN:
SF:src\utils\productLogic.ts
FN:4,(anonymous_0)
FN:35,(anonymous_1)
FN:46,(anonymous_2)
FN:46,(anonymous_3)
FN:49,(anonymous_4)
FN:52,(anonymous_5)
FN:55,(anonymous_6)
FN:57,(anonymous_7)
FN:63,(anonymous_8)
FNF:9
FNH:1
FNDA:8,(anonymous_0)
FNDA:0,(anonymous_1)
FNDA:0,(anonymous_2)
FNDA:0,(anonymous_3)
FNDA:0,(anonymous_4)
FNDA:0,(anonymous_5)
FNDA:0,(anonymous_6)
FNDA:0,(anonymous_7)
FNDA:0,(anonymous_8)
DA:1,1
DA:4,1
DA:5,8
DA:6,7
DA:7,7
DA:8,8
DA:9,8
DA:11,8
DA:12,8
DA:13,8
DA:15,8
DA:16,3
DA:17,3
DA:18,1
DA:19,1
DA:20,1
DA:21,1
DA:25,8
DA:26,6
DA:27,6
DA:28,4
DA:29,6
DA:32,1
DA:35,1
DA:36,0
DA:38,0
DA:39,0
DA:41,0
DA:42,0
DA:43,0
DA:45,0
DA:46,0
DA:47,0
DA:48,0
DA:50,0
DA:51,0
DA:53,0
DA:54,0
DA:55,0
DA:57,0
DA:61,0
DA:62,0
DA:63,0
DA:66,0
LF:44
LH:24
BRDA:5,0,0,1
BRDA:5,0,1,7
BRDA:12,1,0,5
BRDA:12,1,1,3
BRDA:13,2,0,5
BRDA:13,2,1,3
BRDA:15,3,0,3
BRDA:15,3,1,5
BRDA:17,4,0,1
BRDA:17,4,1,2
BRDA:18,5,0,0
BRDA:18,5,1,1
BRDA:19,6,0,0
BRDA:19,6,1,1
BRDA:20,7,0,0
BRDA:20,7,1,1
BRDA:21,8,0,1
BRDA:21,8,1,0
BRDA:25,9,0,6
BRDA:25,9,1,2
BRDA:25,10,0,8
BRDA:25,10,1,6
BRDA:27,11,0,2
BRDA:27,11,1,4
BRDA:28,12,0,1
BRDA:28,12,1,3
BRDA:36,13,0,0
BRDA:36,13,1,0
BRDA:45,14,0,0
BRDA:45,14,1,0
BRDA:50,15,0,0
BRDA:50,15,1,0
BRDA:51,16,0,0
BRDA:51,16,1,0
BRF:34
BRH:22
end_of_record
TN:
SF:src\utils\pushNotifications.ts
FN:8,(anonymous_10)
FN:15,registerForPushNotificationsAsync
FNF:2
FNH:0
FNDA:0,(anonymous_10)
FNDA:0,registerForPushNotificationsAsync
DA:1,0
DA:2,0
DA:3,0
DA:4,0
DA:6,0
DA:8,0
DA:15,0
DA:18,0
DA:19,0
DA:27,0
DA:28,0
DA:29,0
DA:30,0
DA:31,0
DA:32,0
DA:34,0
DA:35,0
DA:38,0
DA:40,0
DA:41,0
DA:49,0
LF:21
LH:0
BRDA:18,0,0,0
BRDA:18,0,1,0
BRDA:27,1,0,0
BRDA:27,1,1,0
BRDA:30,2,0,0
BRDA:30,2,1,0
BRDA:34,3,0,0
BRDA:34,3,1,0
BRDA:38,4,0,0
BRDA:38,4,1,0
BRDA:38,4,2,0
BRF:11
BRH:0
end_of_record
